<?xml version="1.0" encoding="UTF-8"?>
<testsuite name="info.hearthsim.brazier.DamageEventTest" tests="8" skipped="0" failures="8" errors="0" timestamp="2016-03-14T18:49:56" hostname="mrdai-Laptop" time="0.054">
  <properties/>
  <testcase name="testWhirlwind" classname="info.hearthsim.brazier.DamageEventTest" time="0.003">
    <failure message="java.lang.AssertionError: The attack of the minion is different than expected. Index: 0. Expected minion: Minion(Frothing Berserker) 16/3 ?. Actual minion: Minion(Frothing Berserker) 2/3" type="java.lang.AssertionError">java.lang.AssertionError: The attack of the minion is different than expected. Index: 0. Expected minion: Minion(Frothing Berserker) 16/3 ?. Actual minion: Minion(Frothing Berserker) 2/3
	at org.junit.Assert.fail(Assert.java:93)
	at info.hearthsim.brazier.MinionExpectations.verifyExpectations(MinionExpectations.java:72)
	at info.hearthsim.brazier.PlayScript.lambda$expectBoard$36(PlayScript.java:516)
	at info.hearthsim.brazier.PlayScript.lambda$expect$27(PlayScript.java:425)
	at info.hearthsim.brazier.PlayScript$ScriptAction.doAction(PlayScript.java:854)
	at info.hearthsim.brazier.PlayScript.executeAllScriptActions(PlayScript.java:623)
	at info.hearthsim.brazier.PlayScript.executeScript(PlayScript.java:540)
	at info.hearthsim.brazier.PlayScript.executeScript(PlayScript.java:533)
	at info.hearthsim.brazier.PlayScript.testScript(PlayScript.java:50)
	at info.hearthsim.brazier.DamageEventTest.testWhirlwind(DamageEventTest.java:8)
	at sun.reflect.NativeMethodAccessorImpl.invoke0(Native Method)
	at sun.reflect.NativeMethodAccessorImpl.invoke(NativeMethodAccessorImpl.java:62)
	at sun.reflect.DelegatingMethodAccessorImpl.invoke(DelegatingMethodAccessorImpl.java:43)
	at java.lang.reflect.Method.invoke(Method.java:497)
	at org.junit.runners.model.FrameworkMethod$1.runReflectiveCall(FrameworkMethod.java:45)
	at org.junit.internal.runners.model.ReflectiveCallable.run(ReflectiveCallable.java:15)
	at org.junit.runners.model.FrameworkMethod.invokeExplosively(FrameworkMethod.java:42)
	at org.junit.internal.runners.statements.InvokeMethod.evaluate(InvokeMethod.java:20)
	at org.junit.runners.ParentRunner.runLeaf(ParentRunner.java:263)
	at org.junit.runners.BlockJUnit4ClassRunner.runChild(BlockJUnit4ClassRunner.java:68)
	at org.junit.runners.BlockJUnit4ClassRunner.runChild(BlockJUnit4ClassRunner.java:47)
	at org.junit.runners.ParentRunner$3.run(ParentRunner.java:231)
	at org.junit.runners.ParentRunner$1.schedule(ParentRunner.java:60)
	at org.junit.runners.ParentRunner.runChildren(ParentRunner.java:229)
	at org.junit.runners.ParentRunner.access$000(ParentRunner.java:50)
	at org.junit.runners.ParentRunner$2.evaluate(ParentRunner.java:222)
	at org.junit.runners.ParentRunner.run(ParentRunner.java:300)
	at org.gradle.api.internal.tasks.testing.junit.JUnitTestClassExecuter.runTestClass(JUnitTestClassExecuter.java:105)
	at org.gradle.api.internal.tasks.testing.junit.JUnitTestClassExecuter.execute(JUnitTestClassExecuter.java:56)
	at org.gradle.api.internal.tasks.testing.junit.JUnitTestClassProcessor.processTestClass(JUnitTestClassProcessor.java:64)
	at org.gradle.api.internal.tasks.testing.SuiteTestClassProcessor.processTestClass(SuiteTestClassProcessor.java:49)
	at sun.reflect.NativeMethodAccessorImpl.invoke0(Native Method)
	at sun.reflect.NativeMethodAccessorImpl.invoke(NativeMethodAccessorImpl.java:62)
	at sun.reflect.DelegatingMethodAccessorImpl.invoke(DelegatingMethodAccessorImpl.java:43)
	at java.lang.reflect.Method.invoke(Method.java:497)
	at org.gradle.messaging.dispatch.ReflectionDispatch.dispatch(ReflectionDispatch.java:35)
	at org.gradle.messaging.dispatch.ReflectionDispatch.dispatch(ReflectionDispatch.java:24)
	at org.gradle.messaging.dispatch.ContextClassLoaderDispatch.dispatch(ContextClassLoaderDispatch.java:32)
	at org.gradle.messaging.dispatch.ProxyDispatchAdapter$DispatchingInvocationHandler.invoke(ProxyDispatchAdapter.java:93)
	at com.sun.proxy.$Proxy2.processTestClass(Unknown Source)
	at org.gradle.api.internal.tasks.testing.worker.TestWorker.processTestClass(TestWorker.java:106)
	at sun.reflect.NativeMethodAccessorImpl.invoke0(Native Method)
	at sun.reflect.NativeMethodAccessorImpl.invoke(NativeMethodAccessorImpl.java:62)
	at sun.reflect.DelegatingMethodAccessorImpl.invoke(DelegatingMethodAccessorImpl.java:43)
	at java.lang.reflect.Method.invoke(Method.java:497)
	at org.gradle.messaging.dispatch.ReflectionDispatch.dispatch(ReflectionDispatch.java:35)
	at org.gradle.messaging.dispatch.ReflectionDispatch.dispatch(ReflectionDispatch.java:24)
	at org.gradle.messaging.remote.internal.hub.MessageHub$Handler.run(MessageHub.java:360)
	at org.gradle.internal.concurrent.ExecutorPolicy$CatchAndRecordFailures.onExecute(ExecutorPolicy.java:54)
	at org.gradle.internal.concurrent.StoppableExecutorImpl$1.run(StoppableExecutorImpl.java:40)
	at java.util.concurrent.ThreadPoolExecutor.runWorker(ThreadPoolExecutor.java:1142)
	at java.util.concurrent.ThreadPoolExecutor$Worker.run(ThreadPoolExecutor.java:617)
	at java.lang.Thread.run(Thread.java:745)
	Suppressed: java.lang.Exception: Script config line
		at info.hearthsim.brazier.PlayScript.addScriptAction(PlayScript.java:81)
		at info.hearthsim.brazier.PlayScript.expect(PlayScript.java:424)
		at info.hearthsim.brazier.PlayScript.expectBoard(PlayScript.java:504)
		at info.hearthsim.brazier.DamageEventTest.lambda$testWhirlwind$96(DamageEventTest.java:56)
		at info.hearthsim.brazier.PlayScript.testScript(PlayScript.java:49)
		... 44 more
</failure>
  </testcase>
  <testcase name="testFrothingBerserkerVsForthingBerserker" classname="info.hearthsim.brazier.DamageEventTest" time="0.002">
    <failure message="java.lang.AssertionError: The attack of the minion is different than expected. Index: 0. Expected minion: Minion(Frothing Berserker) 4/2 ?. Actual minion: Minion(Frothing Berserker) 2/2" type="java.lang.AssertionError">java.lang.AssertionError: The attack of the minion is different than expected. Index: 0. Expected minion: Minion(Frothing Berserker) 4/2 ?. Actual minion: Minion(Frothing Berserker) 2/2
	at org.junit.Assert.fail(Assert.java:93)
	at info.hearthsim.brazier.MinionExpectations.verifyExpectations(MinionExpectations.java:72)
	at info.hearthsim.brazier.PlayScript.lambda$expectBoard$36(PlayScript.java:516)
	at info.hearthsim.brazier.PlayScript.lambda$expect$27(PlayScript.java:425)
	at info.hearthsim.brazier.PlayScript$ScriptAction.doAction(PlayScript.java:854)
	at info.hearthsim.brazier.PlayScript.executeAllScriptActions(PlayScript.java:623)
	at info.hearthsim.brazier.PlayScript.executeScript(PlayScript.java:540)
	at info.hearthsim.brazier.PlayScript.executeScript(PlayScript.java:533)
	at info.hearthsim.brazier.PlayScript.testScript(PlayScript.java:50)
	at info.hearthsim.brazier.DamageEventTest.testFrothingBerserkerVsForthingBerserker(DamageEventTest.java:81)
	at sun.reflect.NativeMethodAccessorImpl.invoke0(Native Method)
	at sun.reflect.NativeMethodAccessorImpl.invoke(NativeMethodAccessorImpl.java:62)
	at sun.reflect.DelegatingMethodAccessorImpl.invoke(DelegatingMethodAccessorImpl.java:43)
	at java.lang.reflect.Method.invoke(Method.java:497)
	at org.junit.runners.model.FrameworkMethod$1.runReflectiveCall(FrameworkMethod.java:45)
	at org.junit.internal.runners.model.ReflectiveCallable.run(ReflectiveCallable.java:15)
	at org.junit.runners.model.FrameworkMethod.invokeExplosively(FrameworkMethod.java:42)
	at org.junit.internal.runners.statements.InvokeMethod.evaluate(InvokeMethod.java:20)
	at org.junit.runners.ParentRunner.runLeaf(ParentRunner.java:263)
	at org.junit.runners.BlockJUnit4ClassRunner.runChild(BlockJUnit4ClassRunner.java:68)
	at org.junit.runners.BlockJUnit4ClassRunner.runChild(BlockJUnit4ClassRunner.java:47)
	at org.junit.runners.ParentRunner$3.run(ParentRunner.java:231)
	at org.junit.runners.ParentRunner$1.schedule(ParentRunner.java:60)
	at org.junit.runners.ParentRunner.runChildren(ParentRunner.java:229)
	at org.junit.runners.ParentRunner.access$000(ParentRunner.java:50)
	at org.junit.runners.ParentRunner$2.evaluate(ParentRunner.java:222)
	at org.junit.runners.ParentRunner.run(ParentRunner.java:300)
	at org.gradle.api.internal.tasks.testing.junit.JUnitTestClassExecuter.runTestClass(JUnitTestClassExecuter.java:105)
	at org.gradle.api.internal.tasks.testing.junit.JUnitTestClassExecuter.execute(JUnitTestClassExecuter.java:56)
	at org.gradle.api.internal.tasks.testing.junit.JUnitTestClassProcessor.processTestClass(JUnitTestClassProcessor.java:64)
	at org.gradle.api.internal.tasks.testing.SuiteTestClassProcessor.processTestClass(SuiteTestClassProcessor.java:49)
	at sun.reflect.NativeMethodAccessorImpl.invoke0(Native Method)
	at sun.reflect.NativeMethodAccessorImpl.invoke(NativeMethodAccessorImpl.java:62)
	at sun.reflect.DelegatingMethodAccessorImpl.invoke(DelegatingMethodAccessorImpl.java:43)
	at java.lang.reflect.Method.invoke(Method.java:497)
	at org.gradle.messaging.dispatch.ReflectionDispatch.dispatch(ReflectionDispatch.java:35)
	at org.gradle.messaging.dispatch.ReflectionDispatch.dispatch(ReflectionDispatch.java:24)
	at org.gradle.messaging.dispatch.ContextClassLoaderDispatch.dispatch(ContextClassLoaderDispatch.java:32)
	at org.gradle.messaging.dispatch.ProxyDispatchAdapter$DispatchingInvocationHandler.invoke(ProxyDispatchAdapter.java:93)
	at com.sun.proxy.$Proxy2.processTestClass(Unknown Source)
	at org.gradle.api.internal.tasks.testing.worker.TestWorker.processTestClass(TestWorker.java:106)
	at sun.reflect.NativeMethodAccessorImpl.invoke0(Native Method)
	at sun.reflect.NativeMethodAccessorImpl.invoke(NativeMethodAccessorImpl.java:62)
	at sun.reflect.DelegatingMethodAccessorImpl.invoke(DelegatingMethodAccessorImpl.java:43)
	at java.lang.reflect.Method.invoke(Method.java:497)
	at org.gradle.messaging.dispatch.ReflectionDispatch.dispatch(ReflectionDispatch.java:35)
	at org.gradle.messaging.dispatch.ReflectionDispatch.dispatch(ReflectionDispatch.java:24)
	at org.gradle.messaging.remote.internal.hub.MessageHub$Handler.run(MessageHub.java:360)
	at org.gradle.internal.concurrent.ExecutorPolicy$CatchAndRecordFailures.onExecute(ExecutorPolicy.java:54)
	at org.gradle.internal.concurrent.StoppableExecutorImpl$1.run(StoppableExecutorImpl.java:40)
	at java.util.concurrent.ThreadPoolExecutor.runWorker(ThreadPoolExecutor.java:1142)
	at java.util.concurrent.ThreadPoolExecutor$Worker.run(ThreadPoolExecutor.java:617)
	at java.lang.Thread.run(Thread.java:745)
	Suppressed: java.lang.Exception: Script config line
		at info.hearthsim.brazier.PlayScript.addScriptAction(PlayScript.java:81)
		at info.hearthsim.brazier.PlayScript.expect(PlayScript.java:424)
		at info.hearthsim.brazier.PlayScript.expectBoard(PlayScript.java:504)
		at info.hearthsim.brazier.DamageEventTest.lambda$testFrothingBerserkerVsForthingBerserker$97(DamageEventTest.java:100)
		at info.hearthsim.brazier.PlayScript.testScript(PlayScript.java:49)
		... 44 more
</failure>
  </testcase>
  <testcase name="testGurubashiBerserker" classname="info.hearthsim.brazier.DamageEventTest" time="0.004">
    <failure message="java.lang.AssertionError: The attack of the minion is different than expected. Index: 1. Expected minion: Minion(Gurubashi Berserker) 5/3 ?. Actual minion: Minion(Gurubashi Berserker) 2/3" type="java.lang.AssertionError">java.lang.AssertionError: The attack of the minion is different than expected. Index: 1. Expected minion: Minion(Gurubashi Berserker) 5/3 ?. Actual minion: Minion(Gurubashi Berserker) 2/3
	at org.junit.Assert.fail(Assert.java:93)
	at info.hearthsim.brazier.MinionExpectations.verifyExpectations(MinionExpectations.java:72)
	at info.hearthsim.brazier.PlayScript.lambda$expectBoard$36(PlayScript.java:516)
	at info.hearthsim.brazier.PlayScript.lambda$expect$27(PlayScript.java:425)
	at info.hearthsim.brazier.PlayScript$ScriptAction.doAction(PlayScript.java:854)
	at info.hearthsim.brazier.PlayScript.executeAllScriptActions(PlayScript.java:623)
	at info.hearthsim.brazier.PlayScript.executeScript(PlayScript.java:540)
	at info.hearthsim.brazier.PlayScript.executeScript(PlayScript.java:533)
	at info.hearthsim.brazier.PlayScript.testScript(PlayScript.java:50)
	at info.hearthsim.brazier.DamageEventTest.testGurubashiBerserker(DamageEventTest.java:111)
	at sun.reflect.NativeMethodAccessorImpl.invoke0(Native Method)
	at sun.reflect.NativeMethodAccessorImpl.invoke(NativeMethodAccessorImpl.java:62)
	at sun.reflect.DelegatingMethodAccessorImpl.invoke(DelegatingMethodAccessorImpl.java:43)
	at java.lang.reflect.Method.invoke(Method.java:497)
	at org.junit.runners.model.FrameworkMethod$1.runReflectiveCall(FrameworkMethod.java:45)
	at org.junit.internal.runners.model.ReflectiveCallable.run(ReflectiveCallable.java:15)
	at org.junit.runners.model.FrameworkMethod.invokeExplosively(FrameworkMethod.java:42)
	at org.junit.internal.runners.statements.InvokeMethod.evaluate(InvokeMethod.java:20)
	at org.junit.runners.ParentRunner.runLeaf(ParentRunner.java:263)
	at org.junit.runners.BlockJUnit4ClassRunner.runChild(BlockJUnit4ClassRunner.java:68)
	at org.junit.runners.BlockJUnit4ClassRunner.runChild(BlockJUnit4ClassRunner.java:47)
	at org.junit.runners.ParentRunner$3.run(ParentRunner.java:231)
	at org.junit.runners.ParentRunner$1.schedule(ParentRunner.java:60)
	at org.junit.runners.ParentRunner.runChildren(ParentRunner.java:229)
	at org.junit.runners.ParentRunner.access$000(ParentRunner.java:50)
	at org.junit.runners.ParentRunner$2.evaluate(ParentRunner.java:222)
	at org.junit.runners.ParentRunner.run(ParentRunner.java:300)
	at org.gradle.api.internal.tasks.testing.junit.JUnitTestClassExecuter.runTestClass(JUnitTestClassExecuter.java:105)
	at org.gradle.api.internal.tasks.testing.junit.JUnitTestClassExecuter.execute(JUnitTestClassExecuter.java:56)
	at org.gradle.api.internal.tasks.testing.junit.JUnitTestClassProcessor.processTestClass(JUnitTestClassProcessor.java:64)
	at org.gradle.api.internal.tasks.testing.SuiteTestClassProcessor.processTestClass(SuiteTestClassProcessor.java:49)
	at sun.reflect.NativeMethodAccessorImpl.invoke0(Native Method)
	at sun.reflect.NativeMethodAccessorImpl.invoke(NativeMethodAccessorImpl.java:62)
	at sun.reflect.DelegatingMethodAccessorImpl.invoke(DelegatingMethodAccessorImpl.java:43)
	at java.lang.reflect.Method.invoke(Method.java:497)
	at org.gradle.messaging.dispatch.ReflectionDispatch.dispatch(ReflectionDispatch.java:35)
	at org.gradle.messaging.dispatch.ReflectionDispatch.dispatch(ReflectionDispatch.java:24)
	at org.gradle.messaging.dispatch.ContextClassLoaderDispatch.dispatch(ContextClassLoaderDispatch.java:32)
	at org.gradle.messaging.dispatch.ProxyDispatchAdapter$DispatchingInvocationHandler.invoke(ProxyDispatchAdapter.java:93)
	at com.sun.proxy.$Proxy2.processTestClass(Unknown Source)
	at org.gradle.api.internal.tasks.testing.worker.TestWorker.processTestClass(TestWorker.java:106)
	at sun.reflect.NativeMethodAccessorImpl.invoke0(Native Method)
	at sun.reflect.NativeMethodAccessorImpl.invoke(NativeMethodAccessorImpl.java:62)
	at sun.reflect.DelegatingMethodAccessorImpl.invoke(DelegatingMethodAccessorImpl.java:43)
	at java.lang.reflect.Method.invoke(Method.java:497)
	at org.gradle.messaging.dispatch.ReflectionDispatch.dispatch(ReflectionDispatch.java:35)
	at org.gradle.messaging.dispatch.ReflectionDispatch.dispatch(ReflectionDispatch.java:24)
	at org.gradle.messaging.remote.internal.hub.MessageHub$Handler.run(MessageHub.java:360)
	at org.gradle.internal.concurrent.ExecutorPolicy$CatchAndRecordFailures.onExecute(ExecutorPolicy.java:54)
	at org.gradle.internal.concurrent.StoppableExecutorImpl$1.run(StoppableExecutorImpl.java:40)
	at java.util.concurrent.ThreadPoolExecutor.runWorker(ThreadPoolExecutor.java:1142)
	at java.util.concurrent.ThreadPoolExecutor$Worker.run(ThreadPoolExecutor.java:617)
	at java.lang.Thread.run(Thread.java:745)
	Suppressed: java.lang.Exception: Script config line
		at info.hearthsim.brazier.PlayScript.addScriptAction(PlayScript.java:81)
		at info.hearthsim.brazier.PlayScript.expect(PlayScript.java:424)
		at info.hearthsim.brazier.PlayScript.expectBoard(PlayScript.java:504)
		at info.hearthsim.brazier.DamageEventTest.lambda$testGurubashiBerserker$98(DamageEventTest.java:142)
		at info.hearthsim.brazier.PlayScript.testScript(PlayScript.java:49)
		... 44 more
</failure>
  </testcase>
  <testcase name="testGrimPatron" classname="info.hearthsim.brazier.DamageEventTest" time="0.006">
    <failure message="java.lang.AssertionError: The size of the board is different than expected. Expected board: [Minion(Grim Patron) 3/2 ?, Minion(Grim Patron) 3/3 ?, Minion(Grim Patron) 3/2 ?, Minion(Grim Patron) 3/3 ?]. Actual board: [Minion(Grim Patron) 3/2, Minion(Grim Patron) 3/2]" type="java.lang.AssertionError">java.lang.AssertionError: The size of the board is different than expected. Expected board: [Minion(Grim Patron) 3/2 ?, Minion(Grim Patron) 3/3 ?, Minion(Grim Patron) 3/2 ?, Minion(Grim Patron) 3/3 ?]. Actual board: [Minion(Grim Patron) 3/2, Minion(Grim Patron) 3/2]
	at org.junit.Assert.fail(Assert.java:93)
	at info.hearthsim.brazier.PlayScript.lambda$expectBoard$36(PlayScript.java:509)
	at info.hearthsim.brazier.PlayScript.lambda$expect$27(PlayScript.java:425)
	at info.hearthsim.brazier.PlayScript$ScriptAction.doAction(PlayScript.java:854)
	at info.hearthsim.brazier.PlayScript.executeAllScriptActions(PlayScript.java:623)
	at info.hearthsim.brazier.PlayScript.executeScript(PlayScript.java:540)
	at info.hearthsim.brazier.PlayScript.executeScript(PlayScript.java:533)
	at info.hearthsim.brazier.PlayScript.testScript(PlayScript.java:50)
	at info.hearthsim.brazier.DamageEventTest.testGrimPatron(DamageEventTest.java:154)
	at sun.reflect.NativeMethodAccessorImpl.invoke0(Native Method)
	at sun.reflect.NativeMethodAccessorImpl.invoke(NativeMethodAccessorImpl.java:62)
	at sun.reflect.DelegatingMethodAccessorImpl.invoke(DelegatingMethodAccessorImpl.java:43)
	at java.lang.reflect.Method.invoke(Method.java:497)
	at org.junit.runners.model.FrameworkMethod$1.runReflectiveCall(FrameworkMethod.java:45)
	at org.junit.internal.runners.model.ReflectiveCallable.run(ReflectiveCallable.java:15)
	at org.junit.runners.model.FrameworkMethod.invokeExplosively(FrameworkMethod.java:42)
	at org.junit.internal.runners.statements.InvokeMethod.evaluate(InvokeMethod.java:20)
	at org.junit.runners.ParentRunner.runLeaf(ParentRunner.java:263)
	at org.junit.runners.BlockJUnit4ClassRunner.runChild(BlockJUnit4ClassRunner.java:68)
	at org.junit.runners.BlockJUnit4ClassRunner.runChild(BlockJUnit4ClassRunner.java:47)
	at org.junit.runners.ParentRunner$3.run(ParentRunner.java:231)
	at org.junit.runners.ParentRunner$1.schedule(ParentRunner.java:60)
	at org.junit.runners.ParentRunner.runChildren(ParentRunner.java:229)
	at org.junit.runners.ParentRunner.access$000(ParentRunner.java:50)
	at org.junit.runners.ParentRunner$2.evaluate(ParentRunner.java:222)
	at org.junit.runners.ParentRunner.run(ParentRunner.java:300)
	at org.gradle.api.internal.tasks.testing.junit.JUnitTestClassExecuter.runTestClass(JUnitTestClassExecuter.java:105)
	at org.gradle.api.internal.tasks.testing.junit.JUnitTestClassExecuter.execute(JUnitTestClassExecuter.java:56)
	at org.gradle.api.internal.tasks.testing.junit.JUnitTestClassProcessor.processTestClass(JUnitTestClassProcessor.java:64)
	at org.gradle.api.internal.tasks.testing.SuiteTestClassProcessor.processTestClass(SuiteTestClassProcessor.java:49)
	at sun.reflect.NativeMethodAccessorImpl.invoke0(Native Method)
	at sun.reflect.NativeMethodAccessorImpl.invoke(NativeMethodAccessorImpl.java:62)
	at sun.reflect.DelegatingMethodAccessorImpl.invoke(DelegatingMethodAccessorImpl.java:43)
	at java.lang.reflect.Method.invoke(Method.java:497)
	at org.gradle.messaging.dispatch.ReflectionDispatch.dispatch(ReflectionDispatch.java:35)
	at org.gradle.messaging.dispatch.ReflectionDispatch.dispatch(ReflectionDispatch.java:24)
	at org.gradle.messaging.dispatch.ContextClassLoaderDispatch.dispatch(ContextClassLoaderDispatch.java:32)
	at org.gradle.messaging.dispatch.ProxyDispatchAdapter$DispatchingInvocationHandler.invoke(ProxyDispatchAdapter.java:93)
	at com.sun.proxy.$Proxy2.processTestClass(Unknown Source)
	at org.gradle.api.internal.tasks.testing.worker.TestWorker.processTestClass(TestWorker.java:106)
	at sun.reflect.NativeMethodAccessorImpl.invoke0(Native Method)
	at sun.reflect.NativeMethodAccessorImpl.invoke(NativeMethodAccessorImpl.java:62)
	at sun.reflect.DelegatingMethodAccessorImpl.invoke(DelegatingMethodAccessorImpl.java:43)
	at java.lang.reflect.Method.invoke(Method.java:497)
	at org.gradle.messaging.dispatch.ReflectionDispatch.dispatch(ReflectionDispatch.java:35)
	at org.gradle.messaging.dispatch.ReflectionDispatch.dispatch(ReflectionDispatch.java:24)
	at org.gradle.messaging.remote.internal.hub.MessageHub$Handler.run(MessageHub.java:360)
	at org.gradle.internal.concurrent.ExecutorPolicy$CatchAndRecordFailures.onExecute(ExecutorPolicy.java:54)
	at org.gradle.internal.concurrent.StoppableExecutorImpl$1.run(StoppableExecutorImpl.java:40)
	at java.util.concurrent.ThreadPoolExecutor.runWorker(ThreadPoolExecutor.java:1142)
	at java.util.concurrent.ThreadPoolExecutor$Worker.run(ThreadPoolExecutor.java:617)
	at java.lang.Thread.run(Thread.java:745)
	Suppressed: java.lang.Exception: Script config line
		at info.hearthsim.brazier.PlayScript.addScriptAction(PlayScript.java:81)
		at info.hearthsim.brazier.PlayScript.expect(PlayScript.java:424)
		at info.hearthsim.brazier.PlayScript.expectBoard(PlayScript.java:504)
		at info.hearthsim.brazier.DamageEventTest.lambda$testGrimPatron$99(DamageEventTest.java:174)
		at info.hearthsim.brazier.PlayScript.testScript(PlayScript.java:49)
		... 44 more
</failure>
  </testcase>
  <testcase name="testExplosiveShotAtomic" classname="info.hearthsim.brazier.DamageEventTest" time="0.011">
    <failure message="java.lang.AssertionError: The size of the board is different than expected. Expected board: [Minion(Voidwalker) 1/1 ?, Minion(Grim Patron) 7/2 ?, Minion(Grim Patron) 3/3 ?, Minion(Voidwalker) 1/1 ?]. Actual board: [Minion(Voidwalker) 1/1  TAUNT, Minion(Grim Patron) 7/2, Minion(Voidwalker) 1/1  TAUNT]" type="java.lang.AssertionError">java.lang.AssertionError: The size of the board is different than expected. Expected board: [Minion(Voidwalker) 1/1 ?, Minion(Grim Patron) 7/2 ?, Minion(Grim Patron) 3/3 ?, Minion(Voidwalker) 1/1 ?]. Actual board: [Minion(Voidwalker) 1/1  TAUNT, Minion(Grim Patron) 7/2, Minion(Voidwalker) 1/1  TAUNT]
	at org.junit.Assert.fail(Assert.java:93)
	at info.hearthsim.brazier.PlayScript.lambda$expectBoard$36(PlayScript.java:509)
	at info.hearthsim.brazier.PlayScript.lambda$expect$27(PlayScript.java:425)
	at info.hearthsim.brazier.PlayScript$ScriptAction.doAction(PlayScript.java:854)
	at info.hearthsim.brazier.PlayScript.executeAllScriptActions(PlayScript.java:623)
	at info.hearthsim.brazier.PlayScript.executeScript(PlayScript.java:540)
	at info.hearthsim.brazier.PlayScript.executeScript(PlayScript.java:533)
	at info.hearthsim.brazier.PlayScript.testScript(PlayScript.java:50)
	at info.hearthsim.brazier.DamageEventTest.testExplosiveShotAtomic(DamageEventTest.java:222)
	at sun.reflect.NativeMethodAccessorImpl.invoke0(Native Method)
	at sun.reflect.NativeMethodAccessorImpl.invoke(NativeMethodAccessorImpl.java:62)
	at sun.reflect.DelegatingMethodAccessorImpl.invoke(DelegatingMethodAccessorImpl.java:43)
	at java.lang.reflect.Method.invoke(Method.java:497)
	at org.junit.runners.model.FrameworkMethod$1.runReflectiveCall(FrameworkMethod.java:45)
	at org.junit.internal.runners.model.ReflectiveCallable.run(ReflectiveCallable.java:15)
	at org.junit.runners.model.FrameworkMethod.invokeExplosively(FrameworkMethod.java:42)
	at org.junit.internal.runners.statements.InvokeMethod.evaluate(InvokeMethod.java:20)
	at org.junit.runners.ParentRunner.runLeaf(ParentRunner.java:263)
	at org.junit.runners.BlockJUnit4ClassRunner.runChild(BlockJUnit4ClassRunner.java:68)
	at org.junit.runners.BlockJUnit4ClassRunner.runChild(BlockJUnit4ClassRunner.java:47)
	at org.junit.runners.ParentRunner$3.run(ParentRunner.java:231)
	at org.junit.runners.ParentRunner$1.schedule(ParentRunner.java:60)
	at org.junit.runners.ParentRunner.runChildren(ParentRunner.java:229)
	at org.junit.runners.ParentRunner.access$000(ParentRunner.java:50)
	at org.junit.runners.ParentRunner$2.evaluate(ParentRunner.java:222)
	at org.junit.runners.ParentRunner.run(ParentRunner.java:300)
	at org.gradle.api.internal.tasks.testing.junit.JUnitTestClassExecuter.runTestClass(JUnitTestClassExecuter.java:105)
	at org.gradle.api.internal.tasks.testing.junit.JUnitTestClassExecuter.execute(JUnitTestClassExecuter.java:56)
	at org.gradle.api.internal.tasks.testing.junit.JUnitTestClassProcessor.processTestClass(JUnitTestClassProcessor.java:64)
	at org.gradle.api.internal.tasks.testing.SuiteTestClassProcessor.processTestClass(SuiteTestClassProcessor.java:49)
	at sun.reflect.NativeMethodAccessorImpl.invoke0(Native Method)
	at sun.reflect.NativeMethodAccessorImpl.invoke(NativeMethodAccessorImpl.java:62)
	at sun.reflect.DelegatingMethodAccessorImpl.invoke(DelegatingMethodAccessorImpl.java:43)
	at java.lang.reflect.Method.invoke(Method.java:497)
	at org.gradle.messaging.dispatch.ReflectionDispatch.dispatch(ReflectionDispatch.java:35)
	at org.gradle.messaging.dispatch.ReflectionDispatch.dispatch(ReflectionDispatch.java:24)
	at org.gradle.messaging.dispatch.ContextClassLoaderDispatch.dispatch(ContextClassLoaderDispatch.java:32)
	at org.gradle.messaging.dispatch.ProxyDispatchAdapter$DispatchingInvocationHandler.invoke(ProxyDispatchAdapter.java:93)
	at com.sun.proxy.$Proxy2.processTestClass(Unknown Source)
	at org.gradle.api.internal.tasks.testing.worker.TestWorker.processTestClass(TestWorker.java:106)
	at sun.reflect.NativeMethodAccessorImpl.invoke0(Native Method)
	at sun.reflect.NativeMethodAccessorImpl.invoke(NativeMethodAccessorImpl.java:62)
	at sun.reflect.DelegatingMethodAccessorImpl.invoke(DelegatingMethodAccessorImpl.java:43)
	at java.lang.reflect.Method.invoke(Method.java:497)
	at org.gradle.messaging.dispatch.ReflectionDispatch.dispatch(ReflectionDispatch.java:35)
	at org.gradle.messaging.dispatch.ReflectionDispatch.dispatch(ReflectionDispatch.java:24)
	at org.gradle.messaging.remote.internal.hub.MessageHub$Handler.run(MessageHub.java:360)
	at org.gradle.internal.concurrent.ExecutorPolicy$CatchAndRecordFailures.onExecute(ExecutorPolicy.java:54)
	at org.gradle.internal.concurrent.StoppableExecutorImpl$1.run(StoppableExecutorImpl.java:40)
	at java.util.concurrent.ThreadPoolExecutor.runWorker(ThreadPoolExecutor.java:1142)
	at java.util.concurrent.ThreadPoolExecutor$Worker.run(ThreadPoolExecutor.java:617)
	at java.lang.Thread.run(Thread.java:745)
	Suppressed: java.lang.Exception: Script config line
		at info.hearthsim.brazier.PlayScript.addScriptAction(PlayScript.java:81)
		at info.hearthsim.brazier.PlayScript.expect(PlayScript.java:424)
		at info.hearthsim.brazier.PlayScript.expectBoard(PlayScript.java:504)
		at info.hearthsim.brazier.DamageEventTest.lambda$testExplosiveShotAtomic$100(DamageEventTest.java:240)
		at info.hearthsim.brazier.PlayScript.testScript(PlayScript.java:49)
		... 44 more
</failure>
  </testcase>
  <testcase name="testEmperorCobra" classname="info.hearthsim.brazier.DamageEventTest" time="0.009">
    <failure message="java.lang.AssertionError: The size of the board is different than expected. Expected board: []. Actual board: [Minion(Stormwind Champion) 6/4]" type="java.lang.AssertionError">java.lang.AssertionError: The size of the board is different than expected. Expected board: []. Actual board: [Minion(Stormwind Champion) 6/4]
	at org.junit.Assert.fail(Assert.java:93)
	at info.hearthsim.brazier.PlayScript.lambda$expectBoard$36(PlayScript.java:509)
	at info.hearthsim.brazier.PlayScript.lambda$expect$27(PlayScript.java:425)
	at info.hearthsim.brazier.PlayScript$ScriptAction.doAction(PlayScript.java:854)
	at info.hearthsim.brazier.PlayScript.executeAllScriptActions(PlayScript.java:623)
	at info.hearthsim.brazier.PlayScript.executeScript(PlayScript.java:540)
	at info.hearthsim.brazier.PlayScript.executeScript(PlayScript.java:533)
	at info.hearthsim.brazier.PlayScript.testScript(PlayScript.java:50)
	at info.hearthsim.brazier.DamageEventTest.testEmperorCobra(DamageEventTest.java:250)
	at sun.reflect.NativeMethodAccessorImpl.invoke0(Native Method)
	at sun.reflect.NativeMethodAccessorImpl.invoke(NativeMethodAccessorImpl.java:62)
	at sun.reflect.DelegatingMethodAccessorImpl.invoke(DelegatingMethodAccessorImpl.java:43)
	at java.lang.reflect.Method.invoke(Method.java:497)
	at org.junit.runners.model.FrameworkMethod$1.runReflectiveCall(FrameworkMethod.java:45)
	at org.junit.internal.runners.model.ReflectiveCallable.run(ReflectiveCallable.java:15)
	at org.junit.runners.model.FrameworkMethod.invokeExplosively(FrameworkMethod.java:42)
	at org.junit.internal.runners.statements.InvokeMethod.evaluate(InvokeMethod.java:20)
	at org.junit.runners.ParentRunner.runLeaf(ParentRunner.java:263)
	at org.junit.runners.BlockJUnit4ClassRunner.runChild(BlockJUnit4ClassRunner.java:68)
	at org.junit.runners.BlockJUnit4ClassRunner.runChild(BlockJUnit4ClassRunner.java:47)
	at org.junit.runners.ParentRunner$3.run(ParentRunner.java:231)
	at org.junit.runners.ParentRunner$1.schedule(ParentRunner.java:60)
	at org.junit.runners.ParentRunner.runChildren(ParentRunner.java:229)
	at org.junit.runners.ParentRunner.access$000(ParentRunner.java:50)
	at org.junit.runners.ParentRunner$2.evaluate(ParentRunner.java:222)
	at org.junit.runners.ParentRunner.run(ParentRunner.java:300)
	at org.gradle.api.internal.tasks.testing.junit.JUnitTestClassExecuter.runTestClass(JUnitTestClassExecuter.java:105)
	at org.gradle.api.internal.tasks.testing.junit.JUnitTestClassExecuter.execute(JUnitTestClassExecuter.java:56)
	at org.gradle.api.internal.tasks.testing.junit.JUnitTestClassProcessor.processTestClass(JUnitTestClassProcessor.java:64)
	at org.gradle.api.internal.tasks.testing.SuiteTestClassProcessor.processTestClass(SuiteTestClassProcessor.java:49)
	at sun.reflect.NativeMethodAccessorImpl.invoke0(Native Method)
	at sun.reflect.NativeMethodAccessorImpl.invoke(NativeMethodAccessorImpl.java:62)
	at sun.reflect.DelegatingMethodAccessorImpl.invoke(DelegatingMethodAccessorImpl.java:43)
	at java.lang.reflect.Method.invoke(Method.java:497)
	at org.gradle.messaging.dispatch.ReflectionDispatch.dispatch(ReflectionDispatch.java:35)
	at org.gradle.messaging.dispatch.ReflectionDispatch.dispatch(ReflectionDispatch.java:24)
	at org.gradle.messaging.dispatch.ContextClassLoaderDispatch.dispatch(ContextClassLoaderDispatch.java:32)
	at org.gradle.messaging.dispatch.ProxyDispatchAdapter$DispatchingInvocationHandler.invoke(ProxyDispatchAdapter.java:93)
	at com.sun.proxy.$Proxy2.processTestClass(Unknown Source)
	at org.gradle.api.internal.tasks.testing.worker.TestWorker.processTestClass(TestWorker.java:106)
	at sun.reflect.NativeMethodAccessorImpl.invoke0(Native Method)
	at sun.reflect.NativeMethodAccessorImpl.invoke(NativeMethodAccessorImpl.java:62)
	at sun.reflect.DelegatingMethodAccessorImpl.invoke(DelegatingMethodAccessorImpl.java:43)
	at java.lang.reflect.Method.invoke(Method.java:497)
	at org.gradle.messaging.dispatch.ReflectionDispatch.dispatch(ReflectionDispatch.java:35)
	at org.gradle.messaging.dispatch.ReflectionDispatch.dispatch(ReflectionDispatch.java:24)
	at org.gradle.messaging.remote.internal.hub.MessageHub$Handler.run(MessageHub.java:360)
	at org.gradle.internal.concurrent.ExecutorPolicy$CatchAndRecordFailures.onExecute(ExecutorPolicy.java:54)
	at org.gradle.internal.concurrent.StoppableExecutorImpl$1.run(StoppableExecutorImpl.java:40)
	at java.util.concurrent.ThreadPoolExecutor.runWorker(ThreadPoolExecutor.java:1142)
	at java.util.concurrent.ThreadPoolExecutor$Worker.run(ThreadPoolExecutor.java:617)
	at java.lang.Thread.run(Thread.java:745)
	Suppressed: java.lang.Exception: Script config line
		at info.hearthsim.brazier.PlayScript.addScriptAction(PlayScript.java:81)
		at info.hearthsim.brazier.PlayScript.expect(PlayScript.java:424)
		at info.hearthsim.brazier.PlayScript.expectBoard(PlayScript.java:504)
		at info.hearthsim.brazier.DamageEventTest.lambda$testEmperorCobra$101(DamageEventTest.java:266)
		at info.hearthsim.brazier.PlayScript.testScript(PlayScript.java:49)
		... 44 more
</failure>
  </testcase>
  <testcase name="testWaterElementalAttacks" classname="info.hearthsim.brazier.DamageEventTest" time="0.005">
    <failure message="java.lang.AssertionError: The minion flags are unexpected. Index: 0. Expected minion: Minion(Sludge Belcher) 3/2 Flags: [TAUNT, FROZEN]. Actual minion: Minion(Sludge Belcher) 3/2  TAUNT" type="java.lang.AssertionError">java.lang.AssertionError: The minion flags are unexpected. Index: 0. Expected minion: Minion(Sludge Belcher) 3/2 Flags: [TAUNT, FROZEN]. Actual minion: Minion(Sludge Belcher) 3/2  TAUNT
	at org.junit.Assert.fail(Assert.java:93)
	at info.hearthsim.brazier.MinionExpectations.verifyExpectations(MinionExpectations.java:84)
	at info.hearthsim.brazier.PlayScript.lambda$expectBoard$36(PlayScript.java:516)
	at info.hearthsim.brazier.PlayScript.lambda$expect$27(PlayScript.java:425)
	at info.hearthsim.brazier.PlayScript$ScriptAction.doAction(PlayScript.java:854)
	at info.hearthsim.brazier.PlayScript.executeAllScriptActions(PlayScript.java:623)
	at info.hearthsim.brazier.PlayScript.executeScript(PlayScript.java:540)
	at info.hearthsim.brazier.PlayScript.executeScript(PlayScript.java:533)
	at info.hearthsim.brazier.PlayScript.testScript(PlayScript.java:50)
	at info.hearthsim.brazier.DamageEventTest.testWaterElementalAttacks(DamageEventTest.java:272)
	at sun.reflect.NativeMethodAccessorImpl.invoke0(Native Method)
	at sun.reflect.NativeMethodAccessorImpl.invoke(NativeMethodAccessorImpl.java:62)
	at sun.reflect.DelegatingMethodAccessorImpl.invoke(DelegatingMethodAccessorImpl.java:43)
	at java.lang.reflect.Method.invoke(Method.java:497)
	at org.junit.runners.model.FrameworkMethod$1.runReflectiveCall(FrameworkMethod.java:45)
	at org.junit.internal.runners.model.ReflectiveCallable.run(ReflectiveCallable.java:15)
	at org.junit.runners.model.FrameworkMethod.invokeExplosively(FrameworkMethod.java:42)
	at org.junit.internal.runners.statements.InvokeMethod.evaluate(InvokeMethod.java:20)
	at org.junit.runners.ParentRunner.runLeaf(ParentRunner.java:263)
	at org.junit.runners.BlockJUnit4ClassRunner.runChild(BlockJUnit4ClassRunner.java:68)
	at org.junit.runners.BlockJUnit4ClassRunner.runChild(BlockJUnit4ClassRunner.java:47)
	at org.junit.runners.ParentRunner$3.run(ParentRunner.java:231)
	at org.junit.runners.ParentRunner$1.schedule(ParentRunner.java:60)
	at org.junit.runners.ParentRunner.runChildren(ParentRunner.java:229)
	at org.junit.runners.ParentRunner.access$000(ParentRunner.java:50)
	at org.junit.runners.ParentRunner$2.evaluate(ParentRunner.java:222)
	at org.junit.runners.ParentRunner.run(ParentRunner.java:300)
	at org.gradle.api.internal.tasks.testing.junit.JUnitTestClassExecuter.runTestClass(JUnitTestClassExecuter.java:105)
	at org.gradle.api.internal.tasks.testing.junit.JUnitTestClassExecuter.execute(JUnitTestClassExecuter.java:56)
	at org.gradle.api.internal.tasks.testing.junit.JUnitTestClassProcessor.processTestClass(JUnitTestClassProcessor.java:64)
	at org.gradle.api.internal.tasks.testing.SuiteTestClassProcessor.processTestClass(SuiteTestClassProcessor.java:49)
	at sun.reflect.NativeMethodAccessorImpl.invoke0(Native Method)
	at sun.reflect.NativeMethodAccessorImpl.invoke(NativeMethodAccessorImpl.java:62)
	at sun.reflect.DelegatingMethodAccessorImpl.invoke(DelegatingMethodAccessorImpl.java:43)
	at java.lang.reflect.Method.invoke(Method.java:497)
	at org.gradle.messaging.dispatch.ReflectionDispatch.dispatch(ReflectionDispatch.java:35)
	at org.gradle.messaging.dispatch.ReflectionDispatch.dispatch(ReflectionDispatch.java:24)
	at org.gradle.messaging.dispatch.ContextClassLoaderDispatch.dispatch(ContextClassLoaderDispatch.java:32)
	at org.gradle.messaging.dispatch.ProxyDispatchAdapter$DispatchingInvocationHandler.invoke(ProxyDispatchAdapter.java:93)
	at com.sun.proxy.$Proxy2.processTestClass(Unknown Source)
	at org.gradle.api.internal.tasks.testing.worker.TestWorker.processTestClass(TestWorker.java:106)
	at sun.reflect.NativeMethodAccessorImpl.invoke0(Native Method)
	at sun.reflect.NativeMethodAccessorImpl.invoke(NativeMethodAccessorImpl.java:62)
	at sun.reflect.DelegatingMethodAccessorImpl.invoke(DelegatingMethodAccessorImpl.java:43)
	at java.lang.reflect.Method.invoke(Method.java:497)
	at org.gradle.messaging.dispatch.ReflectionDispatch.dispatch(ReflectionDispatch.java:35)
	at org.gradle.messaging.dispatch.ReflectionDispatch.dispatch(ReflectionDispatch.java:24)
	at org.gradle.messaging.remote.internal.hub.MessageHub$Handler.run(MessageHub.java:360)
	at org.gradle.internal.concurrent.ExecutorPolicy$CatchAndRecordFailures.onExecute(ExecutorPolicy.java:54)
	at org.gradle.internal.concurrent.StoppableExecutorImpl$1.run(StoppableExecutorImpl.java:40)
	at java.util.concurrent.ThreadPoolExecutor.runWorker(ThreadPoolExecutor.java:1142)
	at java.util.concurrent.ThreadPoolExecutor$Worker.run(ThreadPoolExecutor.java:617)
	at java.lang.Thread.run(Thread.java:745)
	Suppressed: java.lang.Exception: Script config line
		at info.hearthsim.brazier.PlayScript.addScriptAction(PlayScript.java:81)
		at info.hearthsim.brazier.PlayScript.expect(PlayScript.java:424)
		at info.hearthsim.brazier.PlayScript.expectBoard(PlayScript.java:504)
		at info.hearthsim.brazier.DamageEventTest.lambda$testWaterElementalAttacks$102(DamageEventTest.java:291)
		at info.hearthsim.brazier.PlayScript.testScript(PlayScript.java:49)
		... 44 more
</failure>
  </testcase>
  <testcase name="testWaterElementalAttacked" classname="info.hearthsim.brazier.DamageEventTest" time="0.006">
    <failure message="java.lang.AssertionError: The minion flags are unexpected. Index: 0. Expected minion: Minion(Sludge Belcher) 3/2 Flags: [TAUNT, FROZEN]. Actual minion: Minion(Sludge Belcher) 3/2  TAUNT" type="java.lang.AssertionError">java.lang.AssertionError: The minion flags are unexpected. Index: 0. Expected minion: Minion(Sludge Belcher) 3/2 Flags: [TAUNT, FROZEN]. Actual minion: Minion(Sludge Belcher) 3/2  TAUNT
	at org.junit.Assert.fail(Assert.java:93)
	at info.hearthsim.brazier.MinionExpectations.verifyExpectations(MinionExpectations.java:84)
	at info.hearthsim.brazier.PlayScript.lambda$expectBoard$36(PlayScript.java:516)
	at info.hearthsim.brazier.PlayScript.lambda$expect$27(PlayScript.java:425)
	at info.hearthsim.brazier.PlayScript$ScriptAction.doAction(PlayScript.java:854)
	at info.hearthsim.brazier.PlayScript.executeAllScriptActions(PlayScript.java:623)
	at info.hearthsim.brazier.PlayScript.executeScript(PlayScript.java:540)
	at info.hearthsim.brazier.PlayScript.executeScript(PlayScript.java:533)
	at info.hearthsim.brazier.PlayScript.testScript(PlayScript.java:50)
	at info.hearthsim.brazier.DamageEventTest.testWaterElementalAttacked(DamageEventTest.java:313)
	at sun.reflect.NativeMethodAccessorImpl.invoke0(Native Method)
	at sun.reflect.NativeMethodAccessorImpl.invoke(NativeMethodAccessorImpl.java:62)
	at sun.reflect.DelegatingMethodAccessorImpl.invoke(DelegatingMethodAccessorImpl.java:43)
	at java.lang.reflect.Method.invoke(Method.java:497)
	at org.junit.runners.model.FrameworkMethod$1.runReflectiveCall(FrameworkMethod.java:45)
	at org.junit.internal.runners.model.ReflectiveCallable.run(ReflectiveCallable.java:15)
	at org.junit.runners.model.FrameworkMethod.invokeExplosively(FrameworkMethod.java:42)
	at org.junit.internal.runners.statements.InvokeMethod.evaluate(InvokeMethod.java:20)
	at org.junit.runners.ParentRunner.runLeaf(ParentRunner.java:263)
	at org.junit.runners.BlockJUnit4ClassRunner.runChild(BlockJUnit4ClassRunner.java:68)
	at org.junit.runners.BlockJUnit4ClassRunner.runChild(BlockJUnit4ClassRunner.java:47)
	at org.junit.runners.ParentRunner$3.run(ParentRunner.java:231)
	at org.junit.runners.ParentRunner$1.schedule(ParentRunner.java:60)
	at org.junit.runners.ParentRunner.runChildren(ParentRunner.java:229)
	at org.junit.runners.ParentRunner.access$000(ParentRunner.java:50)
	at org.junit.runners.ParentRunner$2.evaluate(ParentRunner.java:222)
	at org.junit.runners.ParentRunner.run(ParentRunner.java:300)
	at org.gradle.api.internal.tasks.testing.junit.JUnitTestClassExecuter.runTestClass(JUnitTestClassExecuter.java:105)
	at org.gradle.api.internal.tasks.testing.junit.JUnitTestClassExecuter.execute(JUnitTestClassExecuter.java:56)
	at org.gradle.api.internal.tasks.testing.junit.JUnitTestClassProcessor.processTestClass(JUnitTestClassProcessor.java:64)
	at org.gradle.api.internal.tasks.testing.SuiteTestClassProcessor.processTestClass(SuiteTestClassProcessor.java:49)
	at sun.reflect.NativeMethodAccessorImpl.invoke0(Native Method)
	at sun.reflect.NativeMethodAccessorImpl.invoke(NativeMethodAccessorImpl.java:62)
	at sun.reflect.DelegatingMethodAccessorImpl.invoke(DelegatingMethodAccessorImpl.java:43)
	at java.lang.reflect.Method.invoke(Method.java:497)
	at org.gradle.messaging.dispatch.ReflectionDispatch.dispatch(ReflectionDispatch.java:35)
	at org.gradle.messaging.dispatch.ReflectionDispatch.dispatch(ReflectionDispatch.java:24)
	at org.gradle.messaging.dispatch.ContextClassLoaderDispatch.dispatch(ContextClassLoaderDispatch.java:32)
	at org.gradle.messaging.dispatch.ProxyDispatchAdapter$DispatchingInvocationHandler.invoke(ProxyDispatchAdapter.java:93)
	at com.sun.proxy.$Proxy2.processTestClass(Unknown Source)
	at org.gradle.api.internal.tasks.testing.worker.TestWorker.processTestClass(TestWorker.java:106)
	at sun.reflect.NativeMethodAccessorImpl.invoke0(Native Method)
	at sun.reflect.NativeMethodAccessorImpl.invoke(NativeMethodAccessorImpl.java:62)
	at sun.reflect.DelegatingMethodAccessorImpl.invoke(DelegatingMethodAccessorImpl.java:43)
	at java.lang.reflect.Method.invoke(Method.java:497)
	at org.gradle.messaging.dispatch.ReflectionDispatch.dispatch(ReflectionDispatch.java:35)
	at org.gradle.messaging.dispatch.ReflectionDispatch.dispatch(ReflectionDispatch.java:24)
	at org.gradle.messaging.remote.internal.hub.MessageHub$Handler.run(MessageHub.java:360)
	at org.gradle.internal.concurrent.ExecutorPolicy$CatchAndRecordFailures.onExecute(ExecutorPolicy.java:54)
	at org.gradle.internal.concurrent.StoppableExecutorImpl$1.run(StoppableExecutorImpl.java:40)
	at java.util.concurrent.ThreadPoolExecutor.runWorker(ThreadPoolExecutor.java:1142)
	at java.util.concurrent.ThreadPoolExecutor$Worker.run(ThreadPoolExecutor.java:617)
	at java.lang.Thread.run(Thread.java:745)
	Suppressed: java.lang.Exception: Script config line
		at info.hearthsim.brazier.PlayScript.addScriptAction(PlayScript.java:81)
		at info.hearthsim.brazier.PlayScript.expect(PlayScript.java:424)
		at info.hearthsim.brazier.PlayScript.expectBoard(PlayScript.java:504)
		at info.hearthsim.brazier.DamageEventTest.lambda$testWaterElementalAttacked$103(DamageEventTest.java:332)
		at info.hearthsim.brazier.PlayScript.testScript(PlayScript.java:49)
		... 44 more
</failure>
  </testcase>
  <system-out><![CDATA[]]></system-out>
  <system-err><![CDATA[]]></system-err>
</testsuite>
