<?xml version="1.0" encoding="UTF-8"?>
<testsuite name="info.hearthsim.brazier.KilledEventTest" tests="8" skipped="0" failures="3" errors="0" timestamp="2016-03-14T18:49:53" hostname="mrdai-Laptop" time="1.904">
  <properties/>
  <testcase name="testSludgeBelcherDeathRattleWorksWithFullBoard" classname="info.hearthsim.brazier.KilledEventTest" time="1.698"/>
  <testcase name="testHauntedCreeperWithFullBoardBoardClear" classname="info.hearthsim.brazier.KilledEventTest" time="0.013">
    <failure message="java.lang.AssertionError: The size of the board is different than expected. Expected board: [Minion(Spectral Spider) 1/1 ?, Minion(Spectral Spider) 1/1 ?, Minion(Spectral Spider) 1/1 ?, Minion(Spectral Spider) 1/1 ?, Minion(Spectral Spider) 1/1 ?, Minion(Spectral Spider) 1/1 ?, Minion(Spectral Spider) 1/1 ?]. Actual board: [Minion(Spectral Spider) 1/1, Minion(Spectral Spider) 1/1, Minion(Spectral Spider) 1/1, Minion(Spectral Spider) 1/1, Minion(Spectral Spider) 1/1, Minion(Spectral Spider) 1/1, Minion(Spectral Spider) 1/1, Minion(Spectral Spider) 1/1, Minion(Spectral Spider) 1/1, Minion(Spectral Spider) 1/1, Minion(Spectral Spider) 1/1, Minion(Spectral Spider) 1/1, Minion(Spectral Spider) 1/1, Minion(Spectral Spider) 1/1]" type="java.lang.AssertionError">java.lang.AssertionError: The size of the board is different than expected. Expected board: [Minion(Spectral Spider) 1/1 ?, Minion(Spectral Spider) 1/1 ?, Minion(Spectral Spider) 1/1 ?, Minion(Spectral Spider) 1/1 ?, Minion(Spectral Spider) 1/1 ?, Minion(Spectral Spider) 1/1 ?, Minion(Spectral Spider) 1/1 ?]. Actual board: [Minion(Spectral Spider) 1/1, Minion(Spectral Spider) 1/1, Minion(Spectral Spider) 1/1, Minion(Spectral Spider) 1/1, Minion(Spectral Spider) 1/1, Minion(Spectral Spider) 1/1, Minion(Spectral Spider) 1/1, Minion(Spectral Spider) 1/1, Minion(Spectral Spider) 1/1, Minion(Spectral Spider) 1/1, Minion(Spectral Spider) 1/1, Minion(Spectral Spider) 1/1, Minion(Spectral Spider) 1/1, Minion(Spectral Spider) 1/1]
	at org.junit.Assert.fail(Assert.java:93)
	at info.hearthsim.brazier.PlayScript.lambda$expectBoard$36(PlayScript.java:509)
	at info.hearthsim.brazier.PlayScript.lambda$expect$27(PlayScript.java:425)
	at info.hearthsim.brazier.PlayScript$ScriptAction.doAction(PlayScript.java:854)
	at info.hearthsim.brazier.PlayScript.executeAllScriptActions(PlayScript.java:623)
	at info.hearthsim.brazier.PlayScript.executeScript(PlayScript.java:540)
	at info.hearthsim.brazier.PlayScript.executeScript(PlayScript.java:533)
	at info.hearthsim.brazier.PlayScript.testScript(PlayScript.java:50)
	at info.hearthsim.brazier.KilledEventTest.testHauntedCreeperWithFullBoardBoardClear(KilledEventTest.java:98)
	at sun.reflect.NativeMethodAccessorImpl.invoke0(Native Method)
	at sun.reflect.NativeMethodAccessorImpl.invoke(NativeMethodAccessorImpl.java:62)
	at sun.reflect.DelegatingMethodAccessorImpl.invoke(DelegatingMethodAccessorImpl.java:43)
	at java.lang.reflect.Method.invoke(Method.java:497)
	at org.junit.runners.model.FrameworkMethod$1.runReflectiveCall(FrameworkMethod.java:45)
	at org.junit.internal.runners.model.ReflectiveCallable.run(ReflectiveCallable.java:15)
	at org.junit.runners.model.FrameworkMethod.invokeExplosively(FrameworkMethod.java:42)
	at org.junit.internal.runners.statements.InvokeMethod.evaluate(InvokeMethod.java:20)
	at org.junit.runners.ParentRunner.runLeaf(ParentRunner.java:263)
	at org.junit.runners.BlockJUnit4ClassRunner.runChild(BlockJUnit4ClassRunner.java:68)
	at org.junit.runners.BlockJUnit4ClassRunner.runChild(BlockJUnit4ClassRunner.java:47)
	at org.junit.runners.ParentRunner$3.run(ParentRunner.java:231)
	at org.junit.runners.ParentRunner$1.schedule(ParentRunner.java:60)
	at org.junit.runners.ParentRunner.runChildren(ParentRunner.java:229)
	at org.junit.runners.ParentRunner.access$000(ParentRunner.java:50)
	at org.junit.runners.ParentRunner$2.evaluate(ParentRunner.java:222)
	at org.junit.runners.ParentRunner.run(ParentRunner.java:300)
	at org.gradle.api.internal.tasks.testing.junit.JUnitTestClassExecuter.runTestClass(JUnitTestClassExecuter.java:105)
	at org.gradle.api.internal.tasks.testing.junit.JUnitTestClassExecuter.execute(JUnitTestClassExecuter.java:56)
	at org.gradle.api.internal.tasks.testing.junit.JUnitTestClassProcessor.processTestClass(JUnitTestClassProcessor.java:64)
	at org.gradle.api.internal.tasks.testing.SuiteTestClassProcessor.processTestClass(SuiteTestClassProcessor.java:49)
	at sun.reflect.NativeMethodAccessorImpl.invoke0(Native Method)
	at sun.reflect.NativeMethodAccessorImpl.invoke(NativeMethodAccessorImpl.java:62)
	at sun.reflect.DelegatingMethodAccessorImpl.invoke(DelegatingMethodAccessorImpl.java:43)
	at java.lang.reflect.Method.invoke(Method.java:497)
	at org.gradle.messaging.dispatch.ReflectionDispatch.dispatch(ReflectionDispatch.java:35)
	at org.gradle.messaging.dispatch.ReflectionDispatch.dispatch(ReflectionDispatch.java:24)
	at org.gradle.messaging.dispatch.ContextClassLoaderDispatch.dispatch(ContextClassLoaderDispatch.java:32)
	at org.gradle.messaging.dispatch.ProxyDispatchAdapter$DispatchingInvocationHandler.invoke(ProxyDispatchAdapter.java:93)
	at com.sun.proxy.$Proxy2.processTestClass(Unknown Source)
	at org.gradle.api.internal.tasks.testing.worker.TestWorker.processTestClass(TestWorker.java:106)
	at sun.reflect.NativeMethodAccessorImpl.invoke0(Native Method)
	at sun.reflect.NativeMethodAccessorImpl.invoke(NativeMethodAccessorImpl.java:62)
	at sun.reflect.DelegatingMethodAccessorImpl.invoke(DelegatingMethodAccessorImpl.java:43)
	at java.lang.reflect.Method.invoke(Method.java:497)
	at org.gradle.messaging.dispatch.ReflectionDispatch.dispatch(ReflectionDispatch.java:35)
	at org.gradle.messaging.dispatch.ReflectionDispatch.dispatch(ReflectionDispatch.java:24)
	at org.gradle.messaging.remote.internal.hub.MessageHub$Handler.run(MessageHub.java:360)
	at org.gradle.internal.concurrent.ExecutorPolicy$CatchAndRecordFailures.onExecute(ExecutorPolicy.java:54)
	at org.gradle.internal.concurrent.StoppableExecutorImpl$1.run(StoppableExecutorImpl.java:40)
	at java.util.concurrent.ThreadPoolExecutor.runWorker(ThreadPoolExecutor.java:1142)
	at java.util.concurrent.ThreadPoolExecutor$Worker.run(ThreadPoolExecutor.java:617)
	at java.lang.Thread.run(Thread.java:745)
	Suppressed: java.lang.Exception: Script config line
		at info.hearthsim.brazier.PlayScript.addScriptAction(PlayScript.java:81)
		at info.hearthsim.brazier.PlayScript.expect(PlayScript.java:424)
		at info.hearthsim.brazier.PlayScript.expectBoard(PlayScript.java:504)
		at info.hearthsim.brazier.KilledEventTest.lambda$testHauntedCreeperWithFullBoardBoardClear$126(KilledEventTest.java:121)
		at info.hearthsim.brazier.PlayScript.testScript(PlayScript.java:49)
		... 44 more
</failure>
  </testcase>
  <testcase name="testSludgeBelcher" classname="info.hearthsim.brazier.KilledEventTest" time="0.104"/>
  <testcase name="testHauntedCreeperWithFullBoard" classname="info.hearthsim.brazier.KilledEventTest" time="0.002">
    <failure message="java.lang.AssertionError: The size of the board is different than expected. Expected board: [Minion(Spectral Spider) 1/1 ?, Minion(Haunted Creeper) 1/2 ?, Minion(Haunted Creeper) 1/2 ?, Minion(Haunted Creeper) 1/2 ?, Minion(Haunted Creeper) 1/2 ?, Minion(Haunted Creeper) 1/2 ?, Minion(Haunted Creeper) 1/2 ?]. Actual board: [Minion(Spectral Spider) 1/1, Minion(Spectral Spider) 1/1, Minion(Haunted Creeper) 1/2, Minion(Haunted Creeper) 1/2, Minion(Haunted Creeper) 1/2, Minion(Haunted Creeper) 1/2, Minion(Haunted Creeper) 1/2, Minion(Haunted Creeper) 1/2]" type="java.lang.AssertionError">java.lang.AssertionError: The size of the board is different than expected. Expected board: [Minion(Spectral Spider) 1/1 ?, Minion(Haunted Creeper) 1/2 ?, Minion(Haunted Creeper) 1/2 ?, Minion(Haunted Creeper) 1/2 ?, Minion(Haunted Creeper) 1/2 ?, Minion(Haunted Creeper) 1/2 ?, Minion(Haunted Creeper) 1/2 ?]. Actual board: [Minion(Spectral Spider) 1/1, Minion(Spectral Spider) 1/1, Minion(Haunted Creeper) 1/2, Minion(Haunted Creeper) 1/2, Minion(Haunted Creeper) 1/2, Minion(Haunted Creeper) 1/2, Minion(Haunted Creeper) 1/2, Minion(Haunted Creeper) 1/2]
	at org.junit.Assert.fail(Assert.java:93)
	at info.hearthsim.brazier.PlayScript.lambda$expectBoard$36(PlayScript.java:509)
	at info.hearthsim.brazier.PlayScript.lambda$expect$27(PlayScript.java:425)
	at info.hearthsim.brazier.PlayScript$ScriptAction.doAction(PlayScript.java:854)
	at info.hearthsim.brazier.PlayScript.executeAllScriptActions(PlayScript.java:623)
	at info.hearthsim.brazier.PlayScript.executeScript(PlayScript.java:540)
	at info.hearthsim.brazier.PlayScript.executeScript(PlayScript.java:533)
	at info.hearthsim.brazier.PlayScript.testScript(PlayScript.java:50)
	at info.hearthsim.brazier.KilledEventTest.testHauntedCreeperWithFullBoard(KilledEventTest.java:61)
	at sun.reflect.NativeMethodAccessorImpl.invoke0(Native Method)
	at sun.reflect.NativeMethodAccessorImpl.invoke(NativeMethodAccessorImpl.java:62)
	at sun.reflect.DelegatingMethodAccessorImpl.invoke(DelegatingMethodAccessorImpl.java:43)
	at java.lang.reflect.Method.invoke(Method.java:497)
	at org.junit.runners.model.FrameworkMethod$1.runReflectiveCall(FrameworkMethod.java:45)
	at org.junit.internal.runners.model.ReflectiveCallable.run(ReflectiveCallable.java:15)
	at org.junit.runners.model.FrameworkMethod.invokeExplosively(FrameworkMethod.java:42)
	at org.junit.internal.runners.statements.InvokeMethod.evaluate(InvokeMethod.java:20)
	at org.junit.runners.ParentRunner.runLeaf(ParentRunner.java:263)
	at org.junit.runners.BlockJUnit4ClassRunner.runChild(BlockJUnit4ClassRunner.java:68)
	at org.junit.runners.BlockJUnit4ClassRunner.runChild(BlockJUnit4ClassRunner.java:47)
	at org.junit.runners.ParentRunner$3.run(ParentRunner.java:231)
	at org.junit.runners.ParentRunner$1.schedule(ParentRunner.java:60)
	at org.junit.runners.ParentRunner.runChildren(ParentRunner.java:229)
	at org.junit.runners.ParentRunner.access$000(ParentRunner.java:50)
	at org.junit.runners.ParentRunner$2.evaluate(ParentRunner.java:222)
	at org.junit.runners.ParentRunner.run(ParentRunner.java:300)
	at org.gradle.api.internal.tasks.testing.junit.JUnitTestClassExecuter.runTestClass(JUnitTestClassExecuter.java:105)
	at org.gradle.api.internal.tasks.testing.junit.JUnitTestClassExecuter.execute(JUnitTestClassExecuter.java:56)
	at org.gradle.api.internal.tasks.testing.junit.JUnitTestClassProcessor.processTestClass(JUnitTestClassProcessor.java:64)
	at org.gradle.api.internal.tasks.testing.SuiteTestClassProcessor.processTestClass(SuiteTestClassProcessor.java:49)
	at sun.reflect.NativeMethodAccessorImpl.invoke0(Native Method)
	at sun.reflect.NativeMethodAccessorImpl.invoke(NativeMethodAccessorImpl.java:62)
	at sun.reflect.DelegatingMethodAccessorImpl.invoke(DelegatingMethodAccessorImpl.java:43)
	at java.lang.reflect.Method.invoke(Method.java:497)
	at org.gradle.messaging.dispatch.ReflectionDispatch.dispatch(ReflectionDispatch.java:35)
	at org.gradle.messaging.dispatch.ReflectionDispatch.dispatch(ReflectionDispatch.java:24)
	at org.gradle.messaging.dispatch.ContextClassLoaderDispatch.dispatch(ContextClassLoaderDispatch.java:32)
	at org.gradle.messaging.dispatch.ProxyDispatchAdapter$DispatchingInvocationHandler.invoke(ProxyDispatchAdapter.java:93)
	at com.sun.proxy.$Proxy2.processTestClass(Unknown Source)
	at org.gradle.api.internal.tasks.testing.worker.TestWorker.processTestClass(TestWorker.java:106)
	at sun.reflect.NativeMethodAccessorImpl.invoke0(Native Method)
	at sun.reflect.NativeMethodAccessorImpl.invoke(NativeMethodAccessorImpl.java:62)
	at sun.reflect.DelegatingMethodAccessorImpl.invoke(DelegatingMethodAccessorImpl.java:43)
	at java.lang.reflect.Method.invoke(Method.java:497)
	at org.gradle.messaging.dispatch.ReflectionDispatch.dispatch(ReflectionDispatch.java:35)
	at org.gradle.messaging.dispatch.ReflectionDispatch.dispatch(ReflectionDispatch.java:24)
	at org.gradle.messaging.remote.internal.hub.MessageHub$Handler.run(MessageHub.java:360)
	at org.gradle.internal.concurrent.ExecutorPolicy$CatchAndRecordFailures.onExecute(ExecutorPolicy.java:54)
	at org.gradle.internal.concurrent.StoppableExecutorImpl$1.run(StoppableExecutorImpl.java:40)
	at java.util.concurrent.ThreadPoolExecutor.runWorker(ThreadPoolExecutor.java:1142)
	at java.util.concurrent.ThreadPoolExecutor$Worker.run(ThreadPoolExecutor.java:617)
	at java.lang.Thread.run(Thread.java:745)
	Suppressed: java.lang.Exception: Script config line
		at info.hearthsim.brazier.PlayScript.addScriptAction(PlayScript.java:81)
		at info.hearthsim.brazier.PlayScript.expect(PlayScript.java:424)
		at info.hearthsim.brazier.PlayScript.expectBoard(PlayScript.java:504)
		at info.hearthsim.brazier.KilledEventTest.lambda$testHauntedCreeperWithFullBoard$125(KilledEventTest.java:85)
		at info.hearthsim.brazier.PlayScript.testScript(PlayScript.java:49)
		... 44 more
</failure>
  </testcase>
  <testcase name="testHauntedCreeper" classname="info.hearthsim.brazier.KilledEventTest" time="0.01"/>
  <testcase name="testDeathsBite" classname="info.hearthsim.brazier.KilledEventTest" time="0.021">
    <failure message="java.lang.AssertionError: The attack of the minion is different than expected. Index: 0. Expected minion: Minion(Frothing Berserker) 6/3 ?. Actual minion: Minion(Frothing Berserker) 2/3" type="java.lang.AssertionError">java.lang.AssertionError: The attack of the minion is different than expected. Index: 0. Expected minion: Minion(Frothing Berserker) 6/3 ?. Actual minion: Minion(Frothing Berserker) 2/3
	at org.junit.Assert.fail(Assert.java:93)
	at info.hearthsim.brazier.MinionExpectations.verifyExpectations(MinionExpectations.java:72)
	at info.hearthsim.brazier.PlayScript.lambda$expectBoard$36(PlayScript.java:516)
	at info.hearthsim.brazier.PlayScript.lambda$expect$27(PlayScript.java:425)
	at info.hearthsim.brazier.PlayScript$ScriptAction.doAction(PlayScript.java:854)
	at info.hearthsim.brazier.PlayScript.executeAllScriptActions(PlayScript.java:623)
	at info.hearthsim.brazier.PlayScript.executeScript(PlayScript.java:540)
	at info.hearthsim.brazier.PlayScript.executeScript(PlayScript.java:533)
	at info.hearthsim.brazier.PlayScript.testScript(PlayScript.java:50)
	at info.hearthsim.brazier.KilledEventTest.testDeathsBite(KilledEventTest.java:236)
	at sun.reflect.NativeMethodAccessorImpl.invoke0(Native Method)
	at sun.reflect.NativeMethodAccessorImpl.invoke(NativeMethodAccessorImpl.java:62)
	at sun.reflect.DelegatingMethodAccessorImpl.invoke(DelegatingMethodAccessorImpl.java:43)
	at java.lang.reflect.Method.invoke(Method.java:497)
	at org.junit.runners.model.FrameworkMethod$1.runReflectiveCall(FrameworkMethod.java:45)
	at org.junit.internal.runners.model.ReflectiveCallable.run(ReflectiveCallable.java:15)
	at org.junit.runners.model.FrameworkMethod.invokeExplosively(FrameworkMethod.java:42)
	at org.junit.internal.runners.statements.InvokeMethod.evaluate(InvokeMethod.java:20)
	at org.junit.runners.ParentRunner.runLeaf(ParentRunner.java:263)
	at org.junit.runners.BlockJUnit4ClassRunner.runChild(BlockJUnit4ClassRunner.java:68)
	at org.junit.runners.BlockJUnit4ClassRunner.runChild(BlockJUnit4ClassRunner.java:47)
	at org.junit.runners.ParentRunner$3.run(ParentRunner.java:231)
	at org.junit.runners.ParentRunner$1.schedule(ParentRunner.java:60)
	at org.junit.runners.ParentRunner.runChildren(ParentRunner.java:229)
	at org.junit.runners.ParentRunner.access$000(ParentRunner.java:50)
	at org.junit.runners.ParentRunner$2.evaluate(ParentRunner.java:222)
	at org.junit.runners.ParentRunner.run(ParentRunner.java:300)
	at org.gradle.api.internal.tasks.testing.junit.JUnitTestClassExecuter.runTestClass(JUnitTestClassExecuter.java:105)
	at org.gradle.api.internal.tasks.testing.junit.JUnitTestClassExecuter.execute(JUnitTestClassExecuter.java:56)
	at org.gradle.api.internal.tasks.testing.junit.JUnitTestClassProcessor.processTestClass(JUnitTestClassProcessor.java:64)
	at org.gradle.api.internal.tasks.testing.SuiteTestClassProcessor.processTestClass(SuiteTestClassProcessor.java:49)
	at sun.reflect.NativeMethodAccessorImpl.invoke0(Native Method)
	at sun.reflect.NativeMethodAccessorImpl.invoke(NativeMethodAccessorImpl.java:62)
	at sun.reflect.DelegatingMethodAccessorImpl.invoke(DelegatingMethodAccessorImpl.java:43)
	at java.lang.reflect.Method.invoke(Method.java:497)
	at org.gradle.messaging.dispatch.ReflectionDispatch.dispatch(ReflectionDispatch.java:35)
	at org.gradle.messaging.dispatch.ReflectionDispatch.dispatch(ReflectionDispatch.java:24)
	at org.gradle.messaging.dispatch.ContextClassLoaderDispatch.dispatch(ContextClassLoaderDispatch.java:32)
	at org.gradle.messaging.dispatch.ProxyDispatchAdapter$DispatchingInvocationHandler.invoke(ProxyDispatchAdapter.java:93)
	at com.sun.proxy.$Proxy2.processTestClass(Unknown Source)
	at org.gradle.api.internal.tasks.testing.worker.TestWorker.processTestClass(TestWorker.java:106)
	at sun.reflect.NativeMethodAccessorImpl.invoke0(Native Method)
	at sun.reflect.NativeMethodAccessorImpl.invoke(NativeMethodAccessorImpl.java:62)
	at sun.reflect.DelegatingMethodAccessorImpl.invoke(DelegatingMethodAccessorImpl.java:43)
	at java.lang.reflect.Method.invoke(Method.java:497)
	at org.gradle.messaging.dispatch.ReflectionDispatch.dispatch(ReflectionDispatch.java:35)
	at org.gradle.messaging.dispatch.ReflectionDispatch.dispatch(ReflectionDispatch.java:24)
	at org.gradle.messaging.remote.internal.hub.MessageHub$Handler.run(MessageHub.java:360)
	at org.gradle.internal.concurrent.ExecutorPolicy$CatchAndRecordFailures.onExecute(ExecutorPolicy.java:54)
	at org.gradle.internal.concurrent.StoppableExecutorImpl$1.run(StoppableExecutorImpl.java:40)
	at java.util.concurrent.ThreadPoolExecutor.runWorker(ThreadPoolExecutor.java:1142)
	at java.util.concurrent.ThreadPoolExecutor$Worker.run(ThreadPoolExecutor.java:617)
	at java.lang.Thread.run(Thread.java:745)
	Suppressed: java.lang.Exception: Script config line
		at info.hearthsim.brazier.PlayScript.addScriptAction(PlayScript.java:81)
		at info.hearthsim.brazier.PlayScript.expect(PlayScript.java:424)
		at info.hearthsim.brazier.PlayScript.expectBoard(PlayScript.java:504)
		at info.hearthsim.brazier.KilledEventTest.lambda$testDeathsBite$129(KilledEventTest.java:271)
		at info.hearthsim.brazier.PlayScript.testScript(PlayScript.java:49)
		... 44 more
</failure>
  </testcase>
  <testcase name="testSoulOfTheForest" classname="info.hearthsim.brazier.KilledEventTest" time="0.033"/>
  <testcase name="testDeathsBiteKilledByJaraxxus" classname="info.hearthsim.brazier.KilledEventTest" time="0.019"/>
  <system-out><![CDATA[]]></system-out>
  <system-err><![CDATA[]]></system-err>
</testsuite>
