<!DOCTYPE html>
<html>
<head>
<meta http-equiv="Content-Type" content="text/html; charset=utf-8"/>
<meta http-equiv="x-ua-compatible" content="IE=edge"/>
<title>Test results - Class info.hearthsim.brazier.CopyMinionTest</title>
<link href="../css/base-style.css" rel="stylesheet" type="text/css"/>
<link href="../css/style.css" rel="stylesheet" type="text/css"/>
<script src="../js/report.js" type="text/javascript"></script>
</head>
<body>
<div id="content">
<h1>Class info.hearthsim.brazier.CopyMinionTest</h1>
<div class="breadcrumbs">
<a href="../index.html">all</a> &gt; 
<a href="../packages/info.hearthsim.brazier.html">info.hearthsim.brazier</a> &gt; CopyMinionTest</div>
<div id="summary">
<table>
<tr>
<td>
<div class="summaryGroup">
<table>
<tr>
<td>
<div class="infoBox" id="tests">
<div class="counter">8</div>
<p>tests</p>
</div>
</td>
<td>
<div class="infoBox" id="failures">
<div class="counter">7</div>
<p>failures</p>
</div>
</td>
<td>
<div class="infoBox" id="ignored">
<div class="counter">0</div>
<p>ignored</p>
</div>
</td>
<td>
<div class="infoBox" id="duration">
<div class="counter">0.038s</div>
<p>duration</p>
</div>
</td>
</tr>
</table>
</div>
</td>
<td>
<div class="infoBox failures" id="successRate">
<div class="percent">12%</div>
<p>successful</p>
</div>
</td>
</tr>
</table>
</div>
<div id="tabs">
<ul class="tabLinks">
<li>
<a href="#tab0">Failed tests</a>
</li>
<li>
<a href="#tab1">Tests</a>
</li>
</ul>
<div id="tab0" class="tab">
<h2>Failed tests</h2>
<div class="test">
<a name="testAuraTargetCopy"></a>
<h3 class="failures">testAuraTargetCopy</h3>
<span class="code">
<pre>java.lang.AssertionError: The attack of the minion is different than expected. Index: 0. Expected minion: Minion(Bluegill Warrior) 3/2 ?. Actual minion: Minion(Bluegill Warrior) 2/1
	at org.junit.Assert.fail(Assert.java:93)
	at info.hearthsim.brazier.MinionExpectations.verifyExpectations(MinionExpectations.java:72)
	at info.hearthsim.brazier.PlayScript.lambda$expectBoard$36(PlayScript.java:516)
	at info.hearthsim.brazier.PlayScript.lambda$expect$27(PlayScript.java:425)
	at info.hearthsim.brazier.PlayScript$ScriptAction.doAction(PlayScript.java:854)
	at info.hearthsim.brazier.PlayScript.executeAllScriptActions(PlayScript.java:623)
	at info.hearthsim.brazier.PlayScript.executeScript(PlayScript.java:540)
	at info.hearthsim.brazier.PlayScript.executeScript(PlayScript.java:533)
	at info.hearthsim.brazier.PlayScript.testScript(PlayScript.java:50)
	at info.hearthsim.brazier.CopyMinionTest.testAuraTargetCopy(CopyMinionTest.java:172)
	at sun.reflect.NativeMethodAccessorImpl.invoke0(Native Method)
	at sun.reflect.NativeMethodAccessorImpl.invoke(NativeMethodAccessorImpl.java:62)
	at sun.reflect.DelegatingMethodAccessorImpl.invoke(DelegatingMethodAccessorImpl.java:43)
	at java.lang.reflect.Method.invoke(Method.java:497)
	at org.junit.runners.model.FrameworkMethod$1.runReflectiveCall(FrameworkMethod.java:45)
	at org.junit.internal.runners.model.ReflectiveCallable.run(ReflectiveCallable.java:15)
	at org.junit.runners.model.FrameworkMethod.invokeExplosively(FrameworkMethod.java:42)
	at org.junit.internal.runners.statements.InvokeMethod.evaluate(InvokeMethod.java:20)
	at org.junit.runners.ParentRunner.runLeaf(ParentRunner.java:263)
	at org.junit.runners.BlockJUnit4ClassRunner.runChild(BlockJUnit4ClassRunner.java:68)
	at org.junit.runners.BlockJUnit4ClassRunner.runChild(BlockJUnit4ClassRunner.java:47)
	at org.junit.runners.ParentRunner$3.run(ParentRunner.java:231)
	at org.junit.runners.ParentRunner$1.schedule(ParentRunner.java:60)
	at org.junit.runners.ParentRunner.runChildren(ParentRunner.java:229)
	at org.junit.runners.ParentRunner.access$000(ParentRunner.java:50)
	at org.junit.runners.ParentRunner$2.evaluate(ParentRunner.java:222)
	at org.junit.runners.ParentRunner.run(ParentRunner.java:300)
	at org.gradle.api.internal.tasks.testing.junit.JUnitTestClassExecuter.runTestClass(JUnitTestClassExecuter.java:105)
	at org.gradle.api.internal.tasks.testing.junit.JUnitTestClassExecuter.execute(JUnitTestClassExecuter.java:56)
	at org.gradle.api.internal.tasks.testing.junit.JUnitTestClassProcessor.processTestClass(JUnitTestClassProcessor.java:64)
	at org.gradle.api.internal.tasks.testing.SuiteTestClassProcessor.processTestClass(SuiteTestClassProcessor.java:49)
	at sun.reflect.NativeMethodAccessorImpl.invoke0(Native Method)
	at sun.reflect.NativeMethodAccessorImpl.invoke(NativeMethodAccessorImpl.java:62)
	at sun.reflect.DelegatingMethodAccessorImpl.invoke(DelegatingMethodAccessorImpl.java:43)
	at java.lang.reflect.Method.invoke(Method.java:497)
	at org.gradle.messaging.dispatch.ReflectionDispatch.dispatch(ReflectionDispatch.java:35)
	at org.gradle.messaging.dispatch.ReflectionDispatch.dispatch(ReflectionDispatch.java:24)
	at org.gradle.messaging.dispatch.ContextClassLoaderDispatch.dispatch(ContextClassLoaderDispatch.java:32)
	at org.gradle.messaging.dispatch.ProxyDispatchAdapter$DispatchingInvocationHandler.invoke(ProxyDispatchAdapter.java:93)
	at com.sun.proxy.$Proxy2.processTestClass(Unknown Source)
	at org.gradle.api.internal.tasks.testing.worker.TestWorker.processTestClass(TestWorker.java:106)
	at sun.reflect.NativeMethodAccessorImpl.invoke0(Native Method)
	at sun.reflect.NativeMethodAccessorImpl.invoke(NativeMethodAccessorImpl.java:62)
	at sun.reflect.DelegatingMethodAccessorImpl.invoke(DelegatingMethodAccessorImpl.java:43)
	at java.lang.reflect.Method.invoke(Method.java:497)
	at org.gradle.messaging.dispatch.ReflectionDispatch.dispatch(ReflectionDispatch.java:35)
	at org.gradle.messaging.dispatch.ReflectionDispatch.dispatch(ReflectionDispatch.java:24)
	at org.gradle.messaging.remote.internal.hub.MessageHub$Handler.run(MessageHub.java:360)
	at org.gradle.internal.concurrent.ExecutorPolicy$CatchAndRecordFailures.onExecute(ExecutorPolicy.java:54)
	at org.gradle.internal.concurrent.StoppableExecutorImpl$1.run(StoppableExecutorImpl.java:40)
	at java.util.concurrent.ThreadPoolExecutor.runWorker(ThreadPoolExecutor.java:1142)
	at java.util.concurrent.ThreadPoolExecutor$Worker.run(ThreadPoolExecutor.java:617)
	at java.lang.Thread.run(Thread.java:745)
	Suppressed: java.lang.Exception: Script config line
		at info.hearthsim.brazier.PlayScript.addScriptAction(PlayScript.java:81)
		at info.hearthsim.brazier.PlayScript.expect(PlayScript.java:424)
		at info.hearthsim.brazier.PlayScript.expectBoard(PlayScript.java:504)
		at info.hearthsim.brazier.CopyMinionTest.lambda$testAuraTargetCopy$95(CopyMinionTest.java:180)
		at info.hearthsim.brazier.PlayScript.testScript(PlayScript.java:49)
		... 44 more
</pre>
</span>
</div>
<div class="test">
<a name="testCopyAuraProvider"></a>
<h3 class="failures">testCopyAuraProvider</h3>
<span class="code">
<pre>java.lang.AssertionError: The attack of the minion is different than expected. Index: 0. Expected minion: Minion(Bluegill Warrior) 3/2 ?. Actual minion: Minion(Bluegill Warrior) 2/1
	at org.junit.Assert.fail(Assert.java:93)
	at info.hearthsim.brazier.MinionExpectations.verifyExpectations(MinionExpectations.java:72)
	at info.hearthsim.brazier.PlayScript.lambda$expectBoard$36(PlayScript.java:516)
	at info.hearthsim.brazier.PlayScript.lambda$expect$27(PlayScript.java:425)
	at info.hearthsim.brazier.PlayScript$ScriptAction.doAction(PlayScript.java:854)
	at info.hearthsim.brazier.PlayScript.executeAllScriptActions(PlayScript.java:623)
	at info.hearthsim.brazier.PlayScript.executeScript(PlayScript.java:540)
	at info.hearthsim.brazier.PlayScript.executeScript(PlayScript.java:533)
	at info.hearthsim.brazier.PlayScript.testScript(PlayScript.java:50)
	at info.hearthsim.brazier.CopyMinionTest.testCopyAuraProvider(CopyMinionTest.java:133)
	at sun.reflect.NativeMethodAccessorImpl.invoke0(Native Method)
	at sun.reflect.NativeMethodAccessorImpl.invoke(NativeMethodAccessorImpl.java:62)
	at sun.reflect.DelegatingMethodAccessorImpl.invoke(DelegatingMethodAccessorImpl.java:43)
	at java.lang.reflect.Method.invoke(Method.java:497)
	at org.junit.runners.model.FrameworkMethod$1.runReflectiveCall(FrameworkMethod.java:45)
	at org.junit.internal.runners.model.ReflectiveCallable.run(ReflectiveCallable.java:15)
	at org.junit.runners.model.FrameworkMethod.invokeExplosively(FrameworkMethod.java:42)
	at org.junit.internal.runners.statements.InvokeMethod.evaluate(InvokeMethod.java:20)
	at org.junit.runners.ParentRunner.runLeaf(ParentRunner.java:263)
	at org.junit.runners.BlockJUnit4ClassRunner.runChild(BlockJUnit4ClassRunner.java:68)
	at org.junit.runners.BlockJUnit4ClassRunner.runChild(BlockJUnit4ClassRunner.java:47)
	at org.junit.runners.ParentRunner$3.run(ParentRunner.java:231)
	at org.junit.runners.ParentRunner$1.schedule(ParentRunner.java:60)
	at org.junit.runners.ParentRunner.runChildren(ParentRunner.java:229)
	at org.junit.runners.ParentRunner.access$000(ParentRunner.java:50)
	at org.junit.runners.ParentRunner$2.evaluate(ParentRunner.java:222)
	at org.junit.runners.ParentRunner.run(ParentRunner.java:300)
	at org.gradle.api.internal.tasks.testing.junit.JUnitTestClassExecuter.runTestClass(JUnitTestClassExecuter.java:105)
	at org.gradle.api.internal.tasks.testing.junit.JUnitTestClassExecuter.execute(JUnitTestClassExecuter.java:56)
	at org.gradle.api.internal.tasks.testing.junit.JUnitTestClassProcessor.processTestClass(JUnitTestClassProcessor.java:64)
	at org.gradle.api.internal.tasks.testing.SuiteTestClassProcessor.processTestClass(SuiteTestClassProcessor.java:49)
	at sun.reflect.NativeMethodAccessorImpl.invoke0(Native Method)
	at sun.reflect.NativeMethodAccessorImpl.invoke(NativeMethodAccessorImpl.java:62)
	at sun.reflect.DelegatingMethodAccessorImpl.invoke(DelegatingMethodAccessorImpl.java:43)
	at java.lang.reflect.Method.invoke(Method.java:497)
	at org.gradle.messaging.dispatch.ReflectionDispatch.dispatch(ReflectionDispatch.java:35)
	at org.gradle.messaging.dispatch.ReflectionDispatch.dispatch(ReflectionDispatch.java:24)
	at org.gradle.messaging.dispatch.ContextClassLoaderDispatch.dispatch(ContextClassLoaderDispatch.java:32)
	at org.gradle.messaging.dispatch.ProxyDispatchAdapter$DispatchingInvocationHandler.invoke(ProxyDispatchAdapter.java:93)
	at com.sun.proxy.$Proxy2.processTestClass(Unknown Source)
	at org.gradle.api.internal.tasks.testing.worker.TestWorker.processTestClass(TestWorker.java:106)
	at sun.reflect.NativeMethodAccessorImpl.invoke0(Native Method)
	at sun.reflect.NativeMethodAccessorImpl.invoke(NativeMethodAccessorImpl.java:62)
	at sun.reflect.DelegatingMethodAccessorImpl.invoke(DelegatingMethodAccessorImpl.java:43)
	at java.lang.reflect.Method.invoke(Method.java:497)
	at org.gradle.messaging.dispatch.ReflectionDispatch.dispatch(ReflectionDispatch.java:35)
	at org.gradle.messaging.dispatch.ReflectionDispatch.dispatch(ReflectionDispatch.java:24)
	at org.gradle.messaging.remote.internal.hub.MessageHub$Handler.run(MessageHub.java:360)
	at org.gradle.internal.concurrent.ExecutorPolicy$CatchAndRecordFailures.onExecute(ExecutorPolicy.java:54)
	at org.gradle.internal.concurrent.StoppableExecutorImpl$1.run(StoppableExecutorImpl.java:40)
	at java.util.concurrent.ThreadPoolExecutor.runWorker(ThreadPoolExecutor.java:1142)
	at java.util.concurrent.ThreadPoolExecutor$Worker.run(ThreadPoolExecutor.java:617)
	at java.lang.Thread.run(Thread.java:745)
	Suppressed: java.lang.Exception: Script config line
		at info.hearthsim.brazier.PlayScript.addScriptAction(PlayScript.java:81)
		at info.hearthsim.brazier.PlayScript.expect(PlayScript.java:424)
		at info.hearthsim.brazier.PlayScript.expectBoard(PlayScript.java:504)
		at info.hearthsim.brazier.CopyMinionTest.setupAuraProviderCopy(CopyMinionTest.java:114)
		at info.hearthsim.brazier.CopyMinionTest.lambda$testCopyAuraProvider$92(CopyMinionTest.java:134)
		at info.hearthsim.brazier.PlayScript.testScript(PlayScript.java:49)
		... 44 more
</pre>
</span>
</div>
<div class="test">
<a name="testCopyAuraProviderKillNewProvider"></a>
<h3 class="failures">testCopyAuraProviderKillNewProvider</h3>
<span class="code">
<pre>java.lang.AssertionError: The attack of the minion is different than expected. Index: 0. Expected minion: Minion(Bluegill Warrior) 3/2 ?. Actual minion: Minion(Bluegill Warrior) 2/1
	at org.junit.Assert.fail(Assert.java:93)
	at info.hearthsim.brazier.MinionExpectations.verifyExpectations(MinionExpectations.java:72)
	at info.hearthsim.brazier.PlayScript.lambda$expectBoard$36(PlayScript.java:516)
	at info.hearthsim.brazier.PlayScript.lambda$expect$27(PlayScript.java:425)
	at info.hearthsim.brazier.PlayScript$ScriptAction.doAction(PlayScript.java:854)
	at info.hearthsim.brazier.PlayScript.executeAllScriptActions(PlayScript.java:623)
	at info.hearthsim.brazier.PlayScript.executeScript(PlayScript.java:540)
	at info.hearthsim.brazier.PlayScript.executeScript(PlayScript.java:533)
	at info.hearthsim.brazier.PlayScript.testScript(PlayScript.java:50)
	at info.hearthsim.brazier.CopyMinionTest.testCopyAuraProviderKillNewProvider(CopyMinionTest.java:156)
	at sun.reflect.NativeMethodAccessorImpl.invoke0(Native Method)
	at sun.reflect.NativeMethodAccessorImpl.invoke(NativeMethodAccessorImpl.java:62)
	at sun.reflect.DelegatingMethodAccessorImpl.invoke(DelegatingMethodAccessorImpl.java:43)
	at java.lang.reflect.Method.invoke(Method.java:497)
	at org.junit.runners.model.FrameworkMethod$1.runReflectiveCall(FrameworkMethod.java:45)
	at org.junit.internal.runners.model.ReflectiveCallable.run(ReflectiveCallable.java:15)
	at org.junit.runners.model.FrameworkMethod.invokeExplosively(FrameworkMethod.java:42)
	at org.junit.internal.runners.statements.InvokeMethod.evaluate(InvokeMethod.java:20)
	at org.junit.runners.ParentRunner.runLeaf(ParentRunner.java:263)
	at org.junit.runners.BlockJUnit4ClassRunner.runChild(BlockJUnit4ClassRunner.java:68)
	at org.junit.runners.BlockJUnit4ClassRunner.runChild(BlockJUnit4ClassRunner.java:47)
	at org.junit.runners.ParentRunner$3.run(ParentRunner.java:231)
	at org.junit.runners.ParentRunner$1.schedule(ParentRunner.java:60)
	at org.junit.runners.ParentRunner.runChildren(ParentRunner.java:229)
	at org.junit.runners.ParentRunner.access$000(ParentRunner.java:50)
	at org.junit.runners.ParentRunner$2.evaluate(ParentRunner.java:222)
	at org.junit.runners.ParentRunner.run(ParentRunner.java:300)
	at org.gradle.api.internal.tasks.testing.junit.JUnitTestClassExecuter.runTestClass(JUnitTestClassExecuter.java:105)
	at org.gradle.api.internal.tasks.testing.junit.JUnitTestClassExecuter.execute(JUnitTestClassExecuter.java:56)
	at org.gradle.api.internal.tasks.testing.junit.JUnitTestClassProcessor.processTestClass(JUnitTestClassProcessor.java:64)
	at org.gradle.api.internal.tasks.testing.SuiteTestClassProcessor.processTestClass(SuiteTestClassProcessor.java:49)
	at sun.reflect.NativeMethodAccessorImpl.invoke0(Native Method)
	at sun.reflect.NativeMethodAccessorImpl.invoke(NativeMethodAccessorImpl.java:62)
	at sun.reflect.DelegatingMethodAccessorImpl.invoke(DelegatingMethodAccessorImpl.java:43)
	at java.lang.reflect.Method.invoke(Method.java:497)
	at org.gradle.messaging.dispatch.ReflectionDispatch.dispatch(ReflectionDispatch.java:35)
	at org.gradle.messaging.dispatch.ReflectionDispatch.dispatch(ReflectionDispatch.java:24)
	at org.gradle.messaging.dispatch.ContextClassLoaderDispatch.dispatch(ContextClassLoaderDispatch.java:32)
	at org.gradle.messaging.dispatch.ProxyDispatchAdapter$DispatchingInvocationHandler.invoke(ProxyDispatchAdapter.java:93)
	at com.sun.proxy.$Proxy2.processTestClass(Unknown Source)
	at org.gradle.api.internal.tasks.testing.worker.TestWorker.processTestClass(TestWorker.java:106)
	at sun.reflect.NativeMethodAccessorImpl.invoke0(Native Method)
	at sun.reflect.NativeMethodAccessorImpl.invoke(NativeMethodAccessorImpl.java:62)
	at sun.reflect.DelegatingMethodAccessorImpl.invoke(DelegatingMethodAccessorImpl.java:43)
	at java.lang.reflect.Method.invoke(Method.java:497)
	at org.gradle.messaging.dispatch.ReflectionDispatch.dispatch(ReflectionDispatch.java:35)
	at org.gradle.messaging.dispatch.ReflectionDispatch.dispatch(ReflectionDispatch.java:24)
	at org.gradle.messaging.remote.internal.hub.MessageHub$Handler.run(MessageHub.java:360)
	at org.gradle.internal.concurrent.ExecutorPolicy$CatchAndRecordFailures.onExecute(ExecutorPolicy.java:54)
	at org.gradle.internal.concurrent.StoppableExecutorImpl$1.run(StoppableExecutorImpl.java:40)
	at java.util.concurrent.ThreadPoolExecutor.runWorker(ThreadPoolExecutor.java:1142)
	at java.util.concurrent.ThreadPoolExecutor$Worker.run(ThreadPoolExecutor.java:617)
	at java.lang.Thread.run(Thread.java:745)
	Suppressed: java.lang.Exception: Script config line
		at info.hearthsim.brazier.PlayScript.addScriptAction(PlayScript.java:81)
		at info.hearthsim.brazier.PlayScript.expect(PlayScript.java:424)
		at info.hearthsim.brazier.PlayScript.expectBoard(PlayScript.java:504)
		at info.hearthsim.brazier.CopyMinionTest.setupAuraProviderCopy(CopyMinionTest.java:114)
		at info.hearthsim.brazier.CopyMinionTest.lambda$testCopyAuraProviderKillNewProvider$94(CopyMinionTest.java:157)
		at info.hearthsim.brazier.PlayScript.testScript(PlayScript.java:49)
		... 44 more
</pre>
</span>
</div>
<div class="test">
<a name="testCopyAuraProviderKillOriginalProvider"></a>
<h3 class="failures">testCopyAuraProviderKillOriginalProvider</h3>
<span class="code">
<pre>java.lang.AssertionError: The attack of the minion is different than expected. Index: 0. Expected minion: Minion(Bluegill Warrior) 3/2 ?. Actual minion: Minion(Bluegill Warrior) 2/1
	at org.junit.Assert.fail(Assert.java:93)
	at info.hearthsim.brazier.MinionExpectations.verifyExpectations(MinionExpectations.java:72)
	at info.hearthsim.brazier.PlayScript.lambda$expectBoard$36(PlayScript.java:516)
	at info.hearthsim.brazier.PlayScript.lambda$expect$27(PlayScript.java:425)
	at info.hearthsim.brazier.PlayScript$ScriptAction.doAction(PlayScript.java:854)
	at info.hearthsim.brazier.PlayScript.executeAllScriptActions(PlayScript.java:623)
	at info.hearthsim.brazier.PlayScript.executeScript(PlayScript.java:540)
	at info.hearthsim.brazier.PlayScript.executeScript(PlayScript.java:533)
	at info.hearthsim.brazier.PlayScript.testScript(PlayScript.java:50)
	at info.hearthsim.brazier.CopyMinionTest.testCopyAuraProviderKillOriginalProvider(CopyMinionTest.java:140)
	at sun.reflect.NativeMethodAccessorImpl.invoke0(Native Method)
	at sun.reflect.NativeMethodAccessorImpl.invoke(NativeMethodAccessorImpl.java:62)
	at sun.reflect.DelegatingMethodAccessorImpl.invoke(DelegatingMethodAccessorImpl.java:43)
	at java.lang.reflect.Method.invoke(Method.java:497)
	at org.junit.runners.model.FrameworkMethod$1.runReflectiveCall(FrameworkMethod.java:45)
	at org.junit.internal.runners.model.ReflectiveCallable.run(ReflectiveCallable.java:15)
	at org.junit.runners.model.FrameworkMethod.invokeExplosively(FrameworkMethod.java:42)
	at org.junit.internal.runners.statements.InvokeMethod.evaluate(InvokeMethod.java:20)
	at org.junit.runners.ParentRunner.runLeaf(ParentRunner.java:263)
	at org.junit.runners.BlockJUnit4ClassRunner.runChild(BlockJUnit4ClassRunner.java:68)
	at org.junit.runners.BlockJUnit4ClassRunner.runChild(BlockJUnit4ClassRunner.java:47)
	at org.junit.runners.ParentRunner$3.run(ParentRunner.java:231)
	at org.junit.runners.ParentRunner$1.schedule(ParentRunner.java:60)
	at org.junit.runners.ParentRunner.runChildren(ParentRunner.java:229)
	at org.junit.runners.ParentRunner.access$000(ParentRunner.java:50)
	at org.junit.runners.ParentRunner$2.evaluate(ParentRunner.java:222)
	at org.junit.runners.ParentRunner.run(ParentRunner.java:300)
	at org.gradle.api.internal.tasks.testing.junit.JUnitTestClassExecuter.runTestClass(JUnitTestClassExecuter.java:105)
	at org.gradle.api.internal.tasks.testing.junit.JUnitTestClassExecuter.execute(JUnitTestClassExecuter.java:56)
	at org.gradle.api.internal.tasks.testing.junit.JUnitTestClassProcessor.processTestClass(JUnitTestClassProcessor.java:64)
	at org.gradle.api.internal.tasks.testing.SuiteTestClassProcessor.processTestClass(SuiteTestClassProcessor.java:49)
	at sun.reflect.NativeMethodAccessorImpl.invoke0(Native Method)
	at sun.reflect.NativeMethodAccessorImpl.invoke(NativeMethodAccessorImpl.java:62)
	at sun.reflect.DelegatingMethodAccessorImpl.invoke(DelegatingMethodAccessorImpl.java:43)
	at java.lang.reflect.Method.invoke(Method.java:497)
	at org.gradle.messaging.dispatch.ReflectionDispatch.dispatch(ReflectionDispatch.java:35)
	at org.gradle.messaging.dispatch.ReflectionDispatch.dispatch(ReflectionDispatch.java:24)
	at org.gradle.messaging.dispatch.ContextClassLoaderDispatch.dispatch(ContextClassLoaderDispatch.java:32)
	at org.gradle.messaging.dispatch.ProxyDispatchAdapter$DispatchingInvocationHandler.invoke(ProxyDispatchAdapter.java:93)
	at com.sun.proxy.$Proxy2.processTestClass(Unknown Source)
	at org.gradle.api.internal.tasks.testing.worker.TestWorker.processTestClass(TestWorker.java:106)
	at sun.reflect.NativeMethodAccessorImpl.invoke0(Native Method)
	at sun.reflect.NativeMethodAccessorImpl.invoke(NativeMethodAccessorImpl.java:62)
	at sun.reflect.DelegatingMethodAccessorImpl.invoke(DelegatingMethodAccessorImpl.java:43)
	at java.lang.reflect.Method.invoke(Method.java:497)
	at org.gradle.messaging.dispatch.ReflectionDispatch.dispatch(ReflectionDispatch.java:35)
	at org.gradle.messaging.dispatch.ReflectionDispatch.dispatch(ReflectionDispatch.java:24)
	at org.gradle.messaging.remote.internal.hub.MessageHub$Handler.run(MessageHub.java:360)
	at org.gradle.internal.concurrent.ExecutorPolicy$CatchAndRecordFailures.onExecute(ExecutorPolicy.java:54)
	at org.gradle.internal.concurrent.StoppableExecutorImpl$1.run(StoppableExecutorImpl.java:40)
	at java.util.concurrent.ThreadPoolExecutor.runWorker(ThreadPoolExecutor.java:1142)
	at java.util.concurrent.ThreadPoolExecutor$Worker.run(ThreadPoolExecutor.java:617)
	at java.lang.Thread.run(Thread.java:745)
	Suppressed: java.lang.Exception: Script config line
		at info.hearthsim.brazier.PlayScript.addScriptAction(PlayScript.java:81)
		at info.hearthsim.brazier.PlayScript.expect(PlayScript.java:424)
		at info.hearthsim.brazier.PlayScript.expectBoard(PlayScript.java:504)
		at info.hearthsim.brazier.CopyMinionTest.setupAuraProviderCopy(CopyMinionTest.java:114)
		at info.hearthsim.brazier.CopyMinionTest.lambda$testCopyAuraProviderKillOriginalProvider$93(CopyMinionTest.java:141)
		at info.hearthsim.brazier.PlayScript.testScript(PlayScript.java:49)
		... 44 more
</pre>
</span>
</div>
<div class="test">
<a name="testFacelessDamageMinionWithHpAura"></a>
<h3 class="failures">testFacelessDamageMinionWithHpAura</h3>
<span class="code">
<pre>java.lang.AssertionError: The attack of the minion is different than expected. Index: 0. Expected minion: Minion(Emperor Cobra) 3/3 ?. Actual minion: Minion(Emperor Cobra) 2/2
	at org.junit.Assert.fail(Assert.java:93)
	at info.hearthsim.brazier.MinionExpectations.verifyExpectations(MinionExpectations.java:72)
	at info.hearthsim.brazier.PlayScript.lambda$expectBoard$36(PlayScript.java:516)
	at info.hearthsim.brazier.PlayScript.lambda$expect$27(PlayScript.java:425)
	at info.hearthsim.brazier.PlayScript$ScriptAction.doAction(PlayScript.java:854)
	at info.hearthsim.brazier.PlayScript.executeAllScriptActions(PlayScript.java:623)
	at info.hearthsim.brazier.PlayScript.executeScript(PlayScript.java:540)
	at info.hearthsim.brazier.PlayScript.executeScript(PlayScript.java:533)
	at info.hearthsim.brazier.PlayScript.testScript(PlayScript.java:50)
	at info.hearthsim.brazier.CopyMinionTest.testFacelessDamageMinionWithHpAura(CopyMinionTest.java:62)
	at sun.reflect.NativeMethodAccessorImpl.invoke0(Native Method)
	at sun.reflect.NativeMethodAccessorImpl.invoke(NativeMethodAccessorImpl.java:62)
	at sun.reflect.DelegatingMethodAccessorImpl.invoke(DelegatingMethodAccessorImpl.java:43)
	at java.lang.reflect.Method.invoke(Method.java:497)
	at org.junit.runners.model.FrameworkMethod$1.runReflectiveCall(FrameworkMethod.java:45)
	at org.junit.internal.runners.model.ReflectiveCallable.run(ReflectiveCallable.java:15)
	at org.junit.runners.model.FrameworkMethod.invokeExplosively(FrameworkMethod.java:42)
	at org.junit.internal.runners.statements.InvokeMethod.evaluate(InvokeMethod.java:20)
	at org.junit.runners.ParentRunner.runLeaf(ParentRunner.java:263)
	at org.junit.runners.BlockJUnit4ClassRunner.runChild(BlockJUnit4ClassRunner.java:68)
	at org.junit.runners.BlockJUnit4ClassRunner.runChild(BlockJUnit4ClassRunner.java:47)
	at org.junit.runners.ParentRunner$3.run(ParentRunner.java:231)
	at org.junit.runners.ParentRunner$1.schedule(ParentRunner.java:60)
	at org.junit.runners.ParentRunner.runChildren(ParentRunner.java:229)
	at org.junit.runners.ParentRunner.access$000(ParentRunner.java:50)
	at org.junit.runners.ParentRunner$2.evaluate(ParentRunner.java:222)
	at org.junit.runners.ParentRunner.run(ParentRunner.java:300)
	at org.gradle.api.internal.tasks.testing.junit.JUnitTestClassExecuter.runTestClass(JUnitTestClassExecuter.java:105)
	at org.gradle.api.internal.tasks.testing.junit.JUnitTestClassExecuter.execute(JUnitTestClassExecuter.java:56)
	at org.gradle.api.internal.tasks.testing.junit.JUnitTestClassProcessor.processTestClass(JUnitTestClassProcessor.java:64)
	at org.gradle.api.internal.tasks.testing.SuiteTestClassProcessor.processTestClass(SuiteTestClassProcessor.java:49)
	at sun.reflect.NativeMethodAccessorImpl.invoke0(Native Method)
	at sun.reflect.NativeMethodAccessorImpl.invoke(NativeMethodAccessorImpl.java:62)
	at sun.reflect.DelegatingMethodAccessorImpl.invoke(DelegatingMethodAccessorImpl.java:43)
	at java.lang.reflect.Method.invoke(Method.java:497)
	at org.gradle.messaging.dispatch.ReflectionDispatch.dispatch(ReflectionDispatch.java:35)
	at org.gradle.messaging.dispatch.ReflectionDispatch.dispatch(ReflectionDispatch.java:24)
	at org.gradle.messaging.dispatch.ContextClassLoaderDispatch.dispatch(ContextClassLoaderDispatch.java:32)
	at org.gradle.messaging.dispatch.ProxyDispatchAdapter$DispatchingInvocationHandler.invoke(ProxyDispatchAdapter.java:93)
	at com.sun.proxy.$Proxy2.processTestClass(Unknown Source)
	at org.gradle.api.internal.tasks.testing.worker.TestWorker.processTestClass(TestWorker.java:106)
	at sun.reflect.NativeMethodAccessorImpl.invoke0(Native Method)
	at sun.reflect.NativeMethodAccessorImpl.invoke(NativeMethodAccessorImpl.java:62)
	at sun.reflect.DelegatingMethodAccessorImpl.invoke(DelegatingMethodAccessorImpl.java:43)
	at java.lang.reflect.Method.invoke(Method.java:497)
	at org.gradle.messaging.dispatch.ReflectionDispatch.dispatch(ReflectionDispatch.java:35)
	at org.gradle.messaging.dispatch.ReflectionDispatch.dispatch(ReflectionDispatch.java:24)
	at org.gradle.messaging.remote.internal.hub.MessageHub$Handler.run(MessageHub.java:360)
	at org.gradle.internal.concurrent.ExecutorPolicy$CatchAndRecordFailures.onExecute(ExecutorPolicy.java:54)
	at org.gradle.internal.concurrent.StoppableExecutorImpl$1.run(StoppableExecutorImpl.java:40)
	at java.util.concurrent.ThreadPoolExecutor.runWorker(ThreadPoolExecutor.java:1142)
	at java.util.concurrent.ThreadPoolExecutor$Worker.run(ThreadPoolExecutor.java:617)
	at java.lang.Thread.run(Thread.java:745)
	Suppressed: java.lang.Exception: Script config line
		at info.hearthsim.brazier.PlayScript.addScriptAction(PlayScript.java:81)
		at info.hearthsim.brazier.PlayScript.expect(PlayScript.java:424)
		at info.hearthsim.brazier.PlayScript.expectBoard(PlayScript.java:504)
		at info.hearthsim.brazier.CopyMinionTest.lambda$testFacelessDamageMinionWithHpAura$90(CopyMinionTest.java:70)
		at info.hearthsim.brazier.PlayScript.testScript(PlayScript.java:49)
		... 44 more
</pre>
</span>
</div>
<div class="test">
<a name="testFacelessMinionKeptAliveByHpAura"></a>
<h3 class="failures">testFacelessMinionKeptAliveByHpAura</h3>
<span class="code">
<pre>java.lang.AssertionError: The size of the board is different than expected. Expected board: [Minion(Wisp) 2/1 ?, Minion(Stormwind Champion) 6/6 ?]. Actual board: [Minion(Stormwind Champion) 6/6]
	at org.junit.Assert.fail(Assert.java:93)
	at info.hearthsim.brazier.PlayScript.lambda$expectBoard$36(PlayScript.java:509)
	at info.hearthsim.brazier.PlayScript.lambda$expect$27(PlayScript.java:425)
	at info.hearthsim.brazier.PlayScript$ScriptAction.doAction(PlayScript.java:854)
	at info.hearthsim.brazier.PlayScript.executeAllScriptActions(PlayScript.java:623)
	at info.hearthsim.brazier.PlayScript.executeScript(PlayScript.java:540)
	at info.hearthsim.brazier.PlayScript.executeScript(PlayScript.java:533)
	at info.hearthsim.brazier.PlayScript.testScript(PlayScript.java:50)
	at info.hearthsim.brazier.CopyMinionTest.testFacelessMinionKeptAliveByHpAura(CopyMinionTest.java:10)
	at sun.reflect.NativeMethodAccessorImpl.invoke0(Native Method)
	at sun.reflect.NativeMethodAccessorImpl.invoke(NativeMethodAccessorImpl.java:62)
	at sun.reflect.DelegatingMethodAccessorImpl.invoke(DelegatingMethodAccessorImpl.java:43)
	at java.lang.reflect.Method.invoke(Method.java:497)
	at org.junit.runners.model.FrameworkMethod$1.runReflectiveCall(FrameworkMethod.java:45)
	at org.junit.internal.runners.model.ReflectiveCallable.run(ReflectiveCallable.java:15)
	at org.junit.runners.model.FrameworkMethod.invokeExplosively(FrameworkMethod.java:42)
	at org.junit.internal.runners.statements.InvokeMethod.evaluate(InvokeMethod.java:20)
	at org.junit.runners.ParentRunner.runLeaf(ParentRunner.java:263)
	at org.junit.runners.BlockJUnit4ClassRunner.runChild(BlockJUnit4ClassRunner.java:68)
	at org.junit.runners.BlockJUnit4ClassRunner.runChild(BlockJUnit4ClassRunner.java:47)
	at org.junit.runners.ParentRunner$3.run(ParentRunner.java:231)
	at org.junit.runners.ParentRunner$1.schedule(ParentRunner.java:60)
	at org.junit.runners.ParentRunner.runChildren(ParentRunner.java:229)
	at org.junit.runners.ParentRunner.access$000(ParentRunner.java:50)
	at org.junit.runners.ParentRunner$2.evaluate(ParentRunner.java:222)
	at org.junit.runners.ParentRunner.run(ParentRunner.java:300)
	at org.gradle.api.internal.tasks.testing.junit.JUnitTestClassExecuter.runTestClass(JUnitTestClassExecuter.java:105)
	at org.gradle.api.internal.tasks.testing.junit.JUnitTestClassExecuter.execute(JUnitTestClassExecuter.java:56)
	at org.gradle.api.internal.tasks.testing.junit.JUnitTestClassProcessor.processTestClass(JUnitTestClassProcessor.java:64)
	at org.gradle.api.internal.tasks.testing.SuiteTestClassProcessor.processTestClass(SuiteTestClassProcessor.java:49)
	at sun.reflect.NativeMethodAccessorImpl.invoke0(Native Method)
	at sun.reflect.NativeMethodAccessorImpl.invoke(NativeMethodAccessorImpl.java:62)
	at sun.reflect.DelegatingMethodAccessorImpl.invoke(DelegatingMethodAccessorImpl.java:43)
	at java.lang.reflect.Method.invoke(Method.java:497)
	at org.gradle.messaging.dispatch.ReflectionDispatch.dispatch(ReflectionDispatch.java:35)
	at org.gradle.messaging.dispatch.ReflectionDispatch.dispatch(ReflectionDispatch.java:24)
	at org.gradle.messaging.dispatch.ContextClassLoaderDispatch.dispatch(ContextClassLoaderDispatch.java:32)
	at org.gradle.messaging.dispatch.ProxyDispatchAdapter$DispatchingInvocationHandler.invoke(ProxyDispatchAdapter.java:93)
	at com.sun.proxy.$Proxy2.processTestClass(Unknown Source)
	at org.gradle.api.internal.tasks.testing.worker.TestWorker.processTestClass(TestWorker.java:106)
	at sun.reflect.NativeMethodAccessorImpl.invoke0(Native Method)
	at sun.reflect.NativeMethodAccessorImpl.invoke(NativeMethodAccessorImpl.java:62)
	at sun.reflect.DelegatingMethodAccessorImpl.invoke(DelegatingMethodAccessorImpl.java:43)
	at java.lang.reflect.Method.invoke(Method.java:497)
	at org.gradle.messaging.dispatch.ReflectionDispatch.dispatch(ReflectionDispatch.java:35)
	at org.gradle.messaging.dispatch.ReflectionDispatch.dispatch(ReflectionDispatch.java:24)
	at org.gradle.messaging.remote.internal.hub.MessageHub$Handler.run(MessageHub.java:360)
	at org.gradle.internal.concurrent.ExecutorPolicy$CatchAndRecordFailures.onExecute(ExecutorPolicy.java:54)
	at org.gradle.internal.concurrent.StoppableExecutorImpl$1.run(StoppableExecutorImpl.java:40)
	at java.util.concurrent.ThreadPoolExecutor.runWorker(ThreadPoolExecutor.java:1142)
	at java.util.concurrent.ThreadPoolExecutor$Worker.run(ThreadPoolExecutor.java:617)
	at java.lang.Thread.run(Thread.java:745)
	Suppressed: java.lang.Exception: Script config line
		at info.hearthsim.brazier.PlayScript.addScriptAction(PlayScript.java:81)
		at info.hearthsim.brazier.PlayScript.expect(PlayScript.java:424)
		at info.hearthsim.brazier.PlayScript.expectBoard(PlayScript.java:504)
		at info.hearthsim.brazier.CopyMinionTest.lambda$testFacelessMinionKeptAliveByHpAura$88(CopyMinionTest.java:18)
		at info.hearthsim.brazier.PlayScript.testScript(PlayScript.java:49)
		... 44 more
</pre>
</span>
</div>
<div class="test">
<a name="testFacelessMinionKeptAliveByHpAuraThenMirrorEntity"></a>
<h3 class="failures">testFacelessMinionKeptAliveByHpAuraThenMirrorEntity</h3>
<span class="code">
<pre>java.lang.AssertionError: The size of the board is different than expected. Expected board: [Minion(Wisp) 2/1 ?, Minion(Stormwind Champion) 6/6 ?]. Actual board: [Minion(Stormwind Champion) 6/6]
	at org.junit.Assert.fail(Assert.java:93)
	at info.hearthsim.brazier.PlayScript.lambda$expectBoard$36(PlayScript.java:509)
	at info.hearthsim.brazier.PlayScript.lambda$expect$27(PlayScript.java:425)
	at info.hearthsim.brazier.PlayScript$ScriptAction.doAction(PlayScript.java:854)
	at info.hearthsim.brazier.PlayScript.executeAllScriptActions(PlayScript.java:623)
	at info.hearthsim.brazier.PlayScript.executeScript(PlayScript.java:540)
	at info.hearthsim.brazier.PlayScript.executeScript(PlayScript.java:533)
	at info.hearthsim.brazier.PlayScript.testScript(PlayScript.java:50)
	at info.hearthsim.brazier.CopyMinionTest.testFacelessMinionKeptAliveByHpAuraThenMirrorEntity(CopyMinionTest.java:35)
	at sun.reflect.NativeMethodAccessorImpl.invoke0(Native Method)
	at sun.reflect.NativeMethodAccessorImpl.invoke(NativeMethodAccessorImpl.java:62)
	at sun.reflect.DelegatingMethodAccessorImpl.invoke(DelegatingMethodAccessorImpl.java:43)
	at java.lang.reflect.Method.invoke(Method.java:497)
	at org.junit.runners.model.FrameworkMethod$1.runReflectiveCall(FrameworkMethod.java:45)
	at org.junit.internal.runners.model.ReflectiveCallable.run(ReflectiveCallable.java:15)
	at org.junit.runners.model.FrameworkMethod.invokeExplosively(FrameworkMethod.java:42)
	at org.junit.internal.runners.statements.InvokeMethod.evaluate(InvokeMethod.java:20)
	at org.junit.runners.ParentRunner.runLeaf(ParentRunner.java:263)
	at org.junit.runners.BlockJUnit4ClassRunner.runChild(BlockJUnit4ClassRunner.java:68)
	at org.junit.runners.BlockJUnit4ClassRunner.runChild(BlockJUnit4ClassRunner.java:47)
	at org.junit.runners.ParentRunner$3.run(ParentRunner.java:231)
	at org.junit.runners.ParentRunner$1.schedule(ParentRunner.java:60)
	at org.junit.runners.ParentRunner.runChildren(ParentRunner.java:229)
	at org.junit.runners.ParentRunner.access$000(ParentRunner.java:50)
	at org.junit.runners.ParentRunner$2.evaluate(ParentRunner.java:222)
	at org.junit.runners.ParentRunner.run(ParentRunner.java:300)
	at org.gradle.api.internal.tasks.testing.junit.JUnitTestClassExecuter.runTestClass(JUnitTestClassExecuter.java:105)
	at org.gradle.api.internal.tasks.testing.junit.JUnitTestClassExecuter.execute(JUnitTestClassExecuter.java:56)
	at org.gradle.api.internal.tasks.testing.junit.JUnitTestClassProcessor.processTestClass(JUnitTestClassProcessor.java:64)
	at org.gradle.api.internal.tasks.testing.SuiteTestClassProcessor.processTestClass(SuiteTestClassProcessor.java:49)
	at sun.reflect.NativeMethodAccessorImpl.invoke0(Native Method)
	at sun.reflect.NativeMethodAccessorImpl.invoke(NativeMethodAccessorImpl.java:62)
	at sun.reflect.DelegatingMethodAccessorImpl.invoke(DelegatingMethodAccessorImpl.java:43)
	at java.lang.reflect.Method.invoke(Method.java:497)
	at org.gradle.messaging.dispatch.ReflectionDispatch.dispatch(ReflectionDispatch.java:35)
	at org.gradle.messaging.dispatch.ReflectionDispatch.dispatch(ReflectionDispatch.java:24)
	at org.gradle.messaging.dispatch.ContextClassLoaderDispatch.dispatch(ContextClassLoaderDispatch.java:32)
	at org.gradle.messaging.dispatch.ProxyDispatchAdapter$DispatchingInvocationHandler.invoke(ProxyDispatchAdapter.java:93)
	at com.sun.proxy.$Proxy2.processTestClass(Unknown Source)
	at org.gradle.api.internal.tasks.testing.worker.TestWorker.processTestClass(TestWorker.java:106)
	at sun.reflect.NativeMethodAccessorImpl.invoke0(Native Method)
	at sun.reflect.NativeMethodAccessorImpl.invoke(NativeMethodAccessorImpl.java:62)
	at sun.reflect.DelegatingMethodAccessorImpl.invoke(DelegatingMethodAccessorImpl.java:43)
	at java.lang.reflect.Method.invoke(Method.java:497)
	at org.gradle.messaging.dispatch.ReflectionDispatch.dispatch(ReflectionDispatch.java:35)
	at org.gradle.messaging.dispatch.ReflectionDispatch.dispatch(ReflectionDispatch.java:24)
	at org.gradle.messaging.remote.internal.hub.MessageHub$Handler.run(MessageHub.java:360)
	at org.gradle.internal.concurrent.ExecutorPolicy$CatchAndRecordFailures.onExecute(ExecutorPolicy.java:54)
	at org.gradle.internal.concurrent.StoppableExecutorImpl$1.run(StoppableExecutorImpl.java:40)
	at java.util.concurrent.ThreadPoolExecutor.runWorker(ThreadPoolExecutor.java:1142)
	at java.util.concurrent.ThreadPoolExecutor$Worker.run(ThreadPoolExecutor.java:617)
	at java.lang.Thread.run(Thread.java:745)
	Suppressed: java.lang.Exception: Script config line
		at info.hearthsim.brazier.PlayScript.addScriptAction(PlayScript.java:81)
		at info.hearthsim.brazier.PlayScript.expect(PlayScript.java:424)
		at info.hearthsim.brazier.PlayScript.expectBoard(PlayScript.java:504)
		at info.hearthsim.brazier.CopyMinionTest.lambda$testFacelessMinionKeptAliveByHpAuraThenMirrorEntity$89(CopyMinionTest.java:43)
		at info.hearthsim.brazier.PlayScript.testScript(PlayScript.java:49)
		... 44 more
</pre>
</span>
</div>
</div>
<div id="tab1" class="tab">
<h2>Tests</h2>
<table>
<thead>
<tr>
<th>Test</th>
<th>Duration</th>
<th>Result</th>
</tr>
</thead>
<tr>
<td class="failures">testAuraTargetCopy</td>
<td>0.006s</td>
<td class="failures">failed</td>
</tr>
<tr>
<td class="success">testBasicFaceless</td>
<td>0.012s</td>
<td class="success">passed</td>
</tr>
<tr>
<td class="failures">testCopyAuraProvider</td>
<td>0.003s</td>
<td class="failures">failed</td>
</tr>
<tr>
<td class="failures">testCopyAuraProviderKillNewProvider</td>
<td>0.001s</td>
<td class="failures">failed</td>
</tr>
<tr>
<td class="failures">testCopyAuraProviderKillOriginalProvider</td>
<td>0.004s</td>
<td class="failures">failed</td>
</tr>
<tr>
<td class="failures">testFacelessDamageMinionWithHpAura</td>
<td>0.002s</td>
<td class="failures">failed</td>
</tr>
<tr>
<td class="failures">testFacelessMinionKeptAliveByHpAura</td>
<td>0.005s</td>
<td class="failures">failed</td>
</tr>
<tr>
<td class="failures">testFacelessMinionKeptAliveByHpAuraThenMirrorEntity</td>
<td>0.005s</td>
<td class="failures">failed</td>
</tr>
</table>
</div>
</div>
<div id="footer">
<p>
<div>
<label class="hidden" id="label-for-line-wrapping-toggle" for="line-wrapping-toggle">Wrap lines
<input id="line-wrapping-toggle" type="checkbox" autocomplete="off"/>
</label>
</div>Generated by 
<a href="http://www.gradle.org">Gradle 2.11</a> at Mar 15, 2016 2:49:58 AM</p>
</div>
</div>
</body>
</html>
